2021-11-01 10:03:38.9252||INFO|Hangfire.SqlServer.SqlServerObjectsInstaller|Start installing Hangfire SQL objects... |url: |action: 
2021-11-01 10:03:39.3618||INFO|Hangfire.SqlServer.SqlServerObjectsInstaller|Hangfire SQL objects installed. |url: |action: 
2021-11-01 10:03:39.3618||INFO|Hangfire.BackgroundJobServer|Starting Hangfire Server using job storage: 'SQL Server: localhost@Test' |url: |action: 
2021-11-01 10:03:39.3781||INFO|Hangfire.BackgroundJobServer|Using the following options for SQL Server job storage: Queue poll interval: 00:00:15. |url: |action: 
2021-11-01 10:03:39.3781||INFO|Hangfire.BackgroundJobServer|Using the following options for Hangfire Server:
    Worker count: 12
    Listening queues: 'back', 'front', 'default'
    Shutdown timeout: 00:00:15
    Schedule polling interval: 00:00:15 |url: |action: 
2021-11-01 10:03:39.5563||INFO|Hangfire.Server.BackgroundServerProcess|Server conference hangfire1:13964:89233fa1 successfully announced in 143.0362 ms |url: |action: 
2021-11-01 10:03:39.5641||INFO|Hangfire.Server.BackgroundServerProcess|Server conference hangfire1:13964:89233fa1 is starting the registered dispatchers: ServerWatchdog, ServerJobCancellationWatcher, ExpirationManager, CountersAggregator, Worker, DelayedJobScheduler, RecurringJobScheduler... |url: |action: 
2021-11-01 10:03:39.6147||INFO|Hangfire.Server.BackgroundServerProcess|Server conference hangfire1:13964:89233fa1 all the dispatchers started |url: |action: 
2021-11-01 10:03:41.5991|7|WARN|Microsoft.AspNetCore.Session.SessionMiddleware|Error unprotecting the session cookie. System.Security.Cryptography.CryptographicException: The key {9f891d27-05ed-4051-9e60-f0944fdef87e} was not found in the key ring.
   at Microsoft.AspNetCore.DataProtection.KeyManagement.KeyRingBasedDataProtector.UnprotectCore(Byte[] protectedData, Boolean allowOperationsOnRevokedKeys, UnprotectStatus& status)
   at Microsoft.AspNetCore.DataProtection.KeyManagement.KeyRingBasedDataProtector.Unprotect(Byte[] protectedData)
   at Microsoft.AspNetCore.Session.CookieProtection.Unprotect(IDataProtector protector, String protectedText, ILogger logger)|url: https://localhost/|action: Index
2021-11-01 10:03:41.6314||WARN|WebMVC.Middleware.OneMiddleware|One Middleware |url: https://localhost/|action: Index
2021-11-01 10:03:41.6314||WARN|WebMVC.Middleware.TwoMiddleware|Two Middleware |url: https://localhost/|action: Index
2021-11-01 10:03:41.6314||WARN|WebMVC.Middleware.ThreeMiddleware|Three Middleware |url: https://localhost/|action: Index
2021-11-01 10:03:41.8596||INFO|WebMVC.Controllers.AccountController|Index |url: https://localhost/|action: Index
2021-11-01 10:03:53.3569|7|WARN|Microsoft.AspNetCore.Session.SessionMiddleware|Error unprotecting the session cookie. System.Security.Cryptography.CryptographicException: The key {9f891d27-05ed-4051-9e60-f0944fdef87e} was not found in the key ring.
   at Microsoft.AspNetCore.DataProtection.KeyManagement.KeyRingBasedDataProtector.UnprotectCore(Byte[] protectedData, Boolean allowOperationsOnRevokedKeys, UnprotectStatus& status)
   at Microsoft.AspNetCore.DataProtection.KeyManagement.KeyRingBasedDataProtector.Unprotect(Byte[] protectedData)
   at Microsoft.AspNetCore.Session.CookieProtection.Unprotect(IDataProtector protector, String protectedText, ILogger logger)|url: https://localhost/Account/Login|action: Login
2021-11-01 10:03:53.3613||WARN|WebMVC.Middleware.OneMiddleware|One Middleware |url: https://localhost/Account/Login|action: Login
2021-11-01 10:03:53.3613||WARN|WebMVC.Middleware.TwoMiddleware|Two Middleware |url: https://localhost/Account/Login|action: Login
2021-11-01 10:03:53.3613||WARN|WebMVC.Middleware.ThreeMiddleware|Three Middleware |url: https://localhost/Account/Login|action: Login
2021-11-01 10:03:54.7756||WARN|WebMVC.Middleware.OneMiddleware|One Middleware |url: https://localhost/Home/Index|action: Index
2021-11-01 10:03:54.7756||WARN|WebMVC.Middleware.TwoMiddleware|Two Middleware |url: https://localhost/Home/Index|action: Index
2021-11-01 10:03:54.7830||WARN|WebMVC.Middleware.ThreeMiddleware|Three Middleware |url: https://localhost/Home/Index|action: Index
2021-11-01 10:03:54.7830||INFO|WebMVC.Filter.MyFilter|do2222 something..... |url: https://localhost/Home/Index|action: Index
2021-11-01 10:03:54.8000||ERROR|WebMVC.Controllers.HomeController|Index 11111 |url: https://localhost/Home/Index|action: Index
2021-11-01 10:03:54.8000||INFO|WebMVC.Controllers.HomeController|Index 22222 |url: https://localhost/Home/Index|action: Index
2021-11-01 10:03:54.8000||WARN|WebMVC.Controllers.HomeController|Index 55555 |url: https://localhost/Home/Index|action: Index
2021-11-01 10:03:54.8000||INFO|WebMVC.Controllers.HomeController|https%3a%2f%2fwww.cnblogs.com%2fdongh%2fp%2f15470938.html |url: https://localhost/Home/Index|action: Index
2021-11-01 10:03:54.8000||INFO|WebMVC.Controllers.HomeController|https://www.cnblogs.com/dongh/p/15470938.html |url: https://localhost/Home/Index|action: Index
2021-11-01 10:04:01.1494||ERROR|WebMVC.Controllers.HomeController|测试内容22222222222222 |url: https://localhost/Home/Index|action: Index
2021-11-01 10:04:03.4580||WARN|WebMVC.Middleware.OneMiddleware|One Middleware |url: https://localhost/Home/Privacy|action: Privacy
2021-11-01 10:04:03.4580||WARN|WebMVC.Middleware.TwoMiddleware|Two Middleware |url: https://localhost/Home/Privacy|action: Privacy
2021-11-01 10:04:03.4580||WARN|WebMVC.Middleware.ThreeMiddleware|Three Middleware |url: https://localhost/Home/Privacy|action: Privacy
2021-11-01 10:07:52.2224||INFO|Hangfire.SqlServer.SqlServerObjectsInstaller|Start installing Hangfire SQL objects... |url: |action: 
2021-11-01 10:07:52.4827||INFO|Hangfire.SqlServer.SqlServerObjectsInstaller|Hangfire SQL objects installed. |url: |action: 
2021-11-01 10:07:52.4985||INFO|Hangfire.BackgroundJobServer|Starting Hangfire Server using job storage: 'SQL Server: localhost@Test' |url: |action: 
2021-11-01 10:07:52.5015||INFO|Hangfire.BackgroundJobServer|Using the following options for SQL Server job storage: Queue poll interval: 00:00:15. |url: |action: 
2021-11-01 10:07:52.5015||INFO|Hangfire.BackgroundJobServer|Using the following options for Hangfire Server:
    Worker count: 12
    Listening queues: 'back', 'front', 'default'
    Shutdown timeout: 00:00:15
    Schedule polling interval: 00:00:15 |url: |action: 
2021-11-01 10:07:52.6572||INFO|Hangfire.Server.BackgroundServerProcess|Server conference hangfire1:20128:4a5610c2 successfully announced in 123.1361 ms |url: |action: 
2021-11-01 10:07:52.6572||INFO|Hangfire.Server.BackgroundServerProcess|Server conference hangfire1:20128:4a5610c2 is starting the registered dispatchers: ServerWatchdog, ServerJobCancellationWatcher, ExpirationManager, CountersAggregator, Worker, DelayedJobScheduler, RecurringJobScheduler... |url: |action: 
2021-11-01 10:07:52.7437||INFO|Hangfire.Server.BackgroundServerProcess|Server conference hangfire1:20128:4a5610c2 all the dispatchers started |url: |action: 
2021-11-01 10:07:54.5314||WARN|WebMVC.Middleware.OneMiddleware|One Middleware |url: https://localhost/|action: Index
2021-11-01 10:07:54.5369||WARN|WebMVC.Middleware.TwoMiddleware|Two Middleware |url: https://localhost/|action: Index
2021-11-01 10:07:54.5369||WARN|WebMVC.Middleware.ThreeMiddleware|Three Middleware |url: https://localhost/|action: Index
2021-11-01 10:07:54.6843||INFO|WebMVC.Controllers.AccountController|Index |url: https://localhost/|action: Index
2021-11-01 10:07:56.5423||WARN|WebMVC.Middleware.OneMiddleware|One Middleware |url: https://localhost/Account/Login|action: Login
2021-11-01 10:07:56.5423||WARN|WebMVC.Middleware.TwoMiddleware|Two Middleware |url: https://localhost/Account/Login|action: Login
2021-11-01 10:07:56.5496||WARN|WebMVC.Middleware.ThreeMiddleware|Three Middleware |url: https://localhost/Account/Login|action: Login
2021-11-01 10:07:57.5100||WARN|WebMVC.Middleware.OneMiddleware|One Middleware |url: https://localhost/Home/Index|action: Index
2021-11-01 10:07:57.5100||WARN|WebMVC.Middleware.TwoMiddleware|Two Middleware |url: https://localhost/Home/Index|action: Index
2021-11-01 10:07:57.5205||WARN|WebMVC.Middleware.ThreeMiddleware|Three Middleware |url: https://localhost/Home/Index|action: Index
2021-11-01 10:07:57.5205||INFO|WebMVC.Filter.MyFilter|do2222 something..... |url: https://localhost/Home/Index|action: Index
2021-11-01 10:07:57.5374||ERROR|WebMVC.Controllers.HomeController|Index 11111 |url: https://localhost/Home/Index|action: Index
2021-11-01 10:07:57.5374||INFO|WebMVC.Controllers.HomeController|Index 22222 |url: https://localhost/Home/Index|action: Index
2021-11-01 10:07:57.5374||WARN|WebMVC.Controllers.HomeController|Index 55555 |url: https://localhost/Home/Index|action: Index
2021-11-01 10:07:57.5486||INFO|WebMVC.Controllers.HomeController|https%3a%2f%2fwww.cnblogs.com%2fdongh%2fp%2f15470938.html |url: https://localhost/Home/Index|action: Index
2021-11-01 10:07:57.5486||INFO|WebMVC.Controllers.HomeController|https://www.cnblogs.com/dongh/p/15470938.html |url: https://localhost/Home/Index|action: Index
2021-11-01 10:08:00.2493||ERROR|WebMVC.Controllers.HomeController|测试内容22222222222222 |url: https://localhost/Home/Index|action: Index
2021-11-01 10:08:08.0939||WARN|WebMVC.Middleware.OneMiddleware|One Middleware |url: https://localhost/Home/Privacy|action: Privacy
2021-11-01 10:08:08.0970||WARN|WebMVC.Middleware.TwoMiddleware|Two Middleware |url: https://localhost/Home/Privacy|action: Privacy
2021-11-01 10:08:08.0970||WARN|WebMVC.Middleware.ThreeMiddleware|Three Middleware |url: https://localhost/Home/Privacy|action: Privacy
2021-11-01 10:12:21.4042||INFO|Hangfire.SqlServer.SqlServerObjectsInstaller|Start installing Hangfire SQL objects... |url: |action: 
2021-11-01 10:12:21.7142||INFO|Hangfire.SqlServer.SqlServerObjectsInstaller|Hangfire SQL objects installed. |url: |action: 
2021-11-01 10:12:21.7267||INFO|Hangfire.BackgroundJobServer|Starting Hangfire Server using job storage: 'SQL Server: localhost@Test' |url: |action: 
2021-11-01 10:12:21.7267||INFO|Hangfire.BackgroundJobServer|Using the following options for SQL Server job storage: Queue poll interval: 00:00:15. |url: |action: 
2021-11-01 10:12:21.7267||INFO|Hangfire.BackgroundJobServer|Using the following options for Hangfire Server:
    Worker count: 12
    Listening queues: 'back', 'front', 'default'
    Shutdown timeout: 00:00:15
    Schedule polling interval: 00:00:15 |url: |action: 
2021-11-01 10:12:21.8668||INFO|Hangfire.Server.BackgroundServerProcess|Server conference hangfire1:5332:b34aaede successfully announced in 109.3792 ms |url: |action: 
2021-11-01 10:12:21.8668||INFO|Hangfire.Server.BackgroundServerProcess|Server conference hangfire1:5332:b34aaede is starting the registered dispatchers: ServerWatchdog, ServerJobCancellationWatcher, ExpirationManager, CountersAggregator, Worker, DelayedJobScheduler, RecurringJobScheduler... |url: |action: 
2021-11-01 10:12:21.9011||INFO|Hangfire.Server.ServerWatchdog|1 servers were removed due to timeout |url: |action: 
2021-11-01 10:12:21.9393||INFO|Hangfire.Server.BackgroundServerProcess|Server conference hangfire1:5332:b34aaede all the dispatchers started |url: |action: 
2021-11-01 10:12:23.3738||WARN|WebMVC.Middleware.OneMiddleware|One Middleware |url: https://localhost/|action: Index
2021-11-01 10:12:23.3834||WARN|WebMVC.Middleware.TwoMiddleware|Two Middleware |url: https://localhost/|action: Index
2021-11-01 10:12:23.3834||WARN|WebMVC.Middleware.ThreeMiddleware|Three Middleware |url: https://localhost/|action: Index
2021-11-01 10:12:23.5095||INFO|WebMVC.Controllers.AccountController|Index |url: https://localhost/|action: Index
2021-11-01 10:12:30.0388||WARN|WebMVC.Middleware.OneMiddleware|One Middleware |url: https://localhost/Account/Login|action: Login
2021-11-01 10:12:30.0388||WARN|WebMVC.Middleware.TwoMiddleware|Two Middleware |url: https://localhost/Account/Login|action: Login
2021-11-01 10:12:30.0388||WARN|WebMVC.Middleware.ThreeMiddleware|Three Middleware |url: https://localhost/Account/Login|action: Login
2021-11-01 10:12:31.0446||WARN|WebMVC.Middleware.OneMiddleware|One Middleware |url: https://localhost/Home/Index|action: Index
2021-11-01 10:12:31.0482||WARN|WebMVC.Middleware.TwoMiddleware|Two Middleware |url: https://localhost/Home/Index|action: Index
2021-11-01 10:12:31.0482||WARN|WebMVC.Middleware.ThreeMiddleware|Three Middleware |url: https://localhost/Home/Index|action: Index
2021-11-01 10:12:31.0482||INFO|WebMVC.Filter.MyFilter|do2222 something..... |url: https://localhost/Home/Index|action: Index
2021-11-01 10:12:31.0747||ERROR|WebMVC.Controllers.HomeController|Index 11111 |url: https://localhost/Home/Index|action: Index
2021-11-01 10:12:31.0747||INFO|WebMVC.Controllers.HomeController|Index 22222 |url: https://localhost/Home/Index|action: Index
2021-11-01 10:12:31.0802||WARN|WebMVC.Controllers.HomeController|Index 55555 |url: https://localhost/Home/Index|action: Index
2021-11-01 10:12:31.0802||INFO|WebMVC.Controllers.HomeController|https%3a%2f%2fwww.cnblogs.com%2fdongh%2fp%2f15470938.html |url: https://localhost/Home/Index|action: Index
2021-11-01 10:12:31.0802||INFO|WebMVC.Controllers.HomeController|https://www.cnblogs.com/dongh/p/15470938.html |url: https://localhost/Home/Index|action: Index
2021-11-01 10:12:31.1039||ERROR|WebMVC.Controllers.HomeController|测试内容22222222222222 |url: https://localhost/Home/Index|action: Index
2021-11-01 10:12:32.5558||WARN|WebMVC.Middleware.OneMiddleware|One Middleware |url: https://localhost/Home/Privacy|action: Privacy
2021-11-01 10:12:32.5558||WARN|WebMVC.Middleware.TwoMiddleware|Two Middleware |url: https://localhost/Home/Privacy|action: Privacy
2021-11-01 10:12:32.5558||WARN|WebMVC.Middleware.ThreeMiddleware|Three Middleware |url: https://localhost/Home/Privacy|action: Privacy
2021-11-01 10:13:32.3127||INFO|Hangfire.SqlServer.SqlServerObjectsInstaller|Start installing Hangfire SQL objects... |url: |action: 
2021-11-01 10:13:32.5807||INFO|Hangfire.SqlServer.SqlServerObjectsInstaller|Hangfire SQL objects installed. |url: |action: 
2021-11-01 10:13:32.6048||INFO|Hangfire.BackgroundJobServer|Starting Hangfire Server using job storage: 'SQL Server: localhost@Test' |url: |action: 
2021-11-01 10:13:32.6048||INFO|Hangfire.BackgroundJobServer|Using the following options for SQL Server job storage: Queue poll interval: 00:00:15. |url: |action: 
2021-11-01 10:13:32.6048||INFO|Hangfire.BackgroundJobServer|Using the following options for Hangfire Server:
    Worker count: 12
    Listening queues: 'back', 'front', 'default'
    Shutdown timeout: 00:00:15
    Schedule polling interval: 00:00:15 |url: |action: 
2021-11-01 10:13:32.8101||INFO|Hangfire.Server.BackgroundServerProcess|Server conference hangfire1:31268:b2611472 successfully announced in 165.425 ms |url: |action: 
2021-11-01 10:13:32.8233||INFO|Hangfire.Server.BackgroundServerProcess|Server conference hangfire1:31268:b2611472 is starting the registered dispatchers: ServerWatchdog, ServerJobCancellationWatcher, ExpirationManager, CountersAggregator, Worker, DelayedJobScheduler, RecurringJobScheduler... |url: |action: 
2021-11-01 10:13:32.8638||INFO|Hangfire.Server.ServerWatchdog|1 servers were removed due to timeout |url: |action: 
2021-11-01 10:13:32.9400||INFO|Hangfire.Server.BackgroundServerProcess|Server conference hangfire1:31268:b2611472 all the dispatchers started |url: |action: 
2021-11-01 10:13:34.8176||WARN|WebMVC.Middleware.OneMiddleware|One Middleware |url: https://localhost/|action: Index
2021-11-01 10:13:34.8176||WARN|WebMVC.Middleware.TwoMiddleware|Two Middleware |url: https://localhost/|action: Index
2021-11-01 10:13:34.8375||WARN|WebMVC.Middleware.ThreeMiddleware|Three Middleware |url: https://localhost/|action: Index
2021-11-01 10:13:34.9877||INFO|WebMVC.Controllers.AccountController|Index |url: https://localhost/|action: Index
2021-11-01 10:13:36.5636||WARN|WebMVC.Middleware.OneMiddleware|One Middleware |url: https://localhost/Account/Login|action: Login
2021-11-01 10:13:36.5636||WARN|WebMVC.Middleware.TwoMiddleware|Two Middleware |url: https://localhost/Account/Login|action: Login
2021-11-01 10:13:36.5636||WARN|WebMVC.Middleware.ThreeMiddleware|Three Middleware |url: https://localhost/Account/Login|action: Login
2021-11-01 10:13:37.4580||WARN|WebMVC.Middleware.OneMiddleware|One Middleware |url: https://localhost/Home/Index|action: Index
2021-11-01 10:13:37.4580||WARN|WebMVC.Middleware.TwoMiddleware|Two Middleware |url: https://localhost/Home/Index|action: Index
2021-11-01 10:13:37.4580||WARN|WebMVC.Middleware.ThreeMiddleware|Three Middleware |url: https://localhost/Home/Index|action: Index
2021-11-01 10:13:37.4700||INFO|WebMVC.Filter.MyFilter|do2222 something..... |url: https://localhost/Home/Index|action: Index
2021-11-01 10:13:37.4700||ERROR|WebMVC.Controllers.HomeController|Index 11111 |url: https://localhost/Home/Index|action: Index
2021-11-01 10:13:37.4870||INFO|WebMVC.Controllers.HomeController|Index 22222 |url: https://localhost/Home/Index|action: Index
2021-11-01 10:13:37.4870||WARN|WebMVC.Controllers.HomeController|Index 55555 |url: https://localhost/Home/Index|action: Index
2021-11-01 10:13:37.4870||INFO|WebMVC.Controllers.HomeController|https%3a%2f%2fwww.cnblogs.com%2fdongh%2fp%2f15470938.html |url: https://localhost/Home/Index|action: Index
2021-11-01 10:13:37.4870||INFO|WebMVC.Controllers.HomeController|https://www.cnblogs.com/dongh/p/15470938.html |url: https://localhost/Home/Index|action: Index
2021-11-01 10:13:37.5132||ERROR|WebMVC.Controllers.HomeController|测试内容22222222222222 |url: https://localhost/Home/Index|action: Index
2021-11-01 10:13:38.9526||WARN|WebMVC.Middleware.OneMiddleware|One Middleware |url: https://localhost/Home/Privacy|action: Privacy
2021-11-01 10:13:38.9556||WARN|WebMVC.Middleware.TwoMiddleware|Two Middleware |url: https://localhost/Home/Privacy|action: Privacy
2021-11-01 10:13:38.9556||WARN|WebMVC.Middleware.ThreeMiddleware|Three Middleware |url: https://localhost/Home/Privacy|action: Privacy
2021-11-01 10:13:45.2197||WARN|WebMVC.Middleware.OneMiddleware|One Middleware |url: https://localhost/Home/Privacy|action: Privacy
2021-11-01 10:13:45.2197||WARN|WebMVC.Middleware.TwoMiddleware|Two Middleware |url: https://localhost/Home/Privacy|action: Privacy
2021-11-01 10:13:45.2197||WARN|WebMVC.Middleware.ThreeMiddleware|Three Middleware |url: https://localhost/Home/Privacy|action: Privacy
2021-11-01 11:06:00.3671||INFO|Hangfire.SqlServer.SqlServerObjectsInstaller|Start installing Hangfire SQL objects... |url: |action: 
2021-11-01 11:06:01.3798||INFO|Hangfire.SqlServer.SqlServerObjectsInstaller|Hangfire SQL objects installed. |url: |action: 
2021-11-01 11:06:01.3927||INFO|Hangfire.BackgroundJobServer|Starting Hangfire Server using job storage: 'SQL Server: localhost@Test' |url: |action: 
2021-11-01 11:06:01.3927||INFO|Hangfire.BackgroundJobServer|Using the following options for SQL Server job storage: Queue poll interval: 00:00:15. |url: |action: 
2021-11-01 11:06:01.3927||INFO|Hangfire.BackgroundJobServer|Using the following options for Hangfire Server:
    Worker count: 12
    Listening queues: 'back', 'front', 'default'
    Shutdown timeout: 00:00:15
    Schedule polling interval: 00:00:15 |url: |action: 
2021-11-01 11:06:01.5808||INFO|Hangfire.Server.BackgroundServerProcess|Server conference hangfire1:9684:89616c81 successfully announced in 155.5732 ms |url: |action: 
2021-11-01 11:06:01.5808||INFO|Hangfire.Server.BackgroundServerProcess|Server conference hangfire1:9684:89616c81 is starting the registered dispatchers: ServerWatchdog, ServerJobCancellationWatcher, ExpirationManager, CountersAggregator, Worker, DelayedJobScheduler, RecurringJobScheduler... |url: |action: 
2021-11-01 11:06:01.6720||INFO|Hangfire.Server.ServerWatchdog|2 servers were removed due to timeout |url: |action: 
2021-11-01 11:06:01.6735||INFO|Hangfire.Server.BackgroundServerProcess|Server conference hangfire1:9684:89616c81 all the dispatchers started |url: |action: 
2021-11-01 11:06:03.9701||WARN|WebMVC.Middleware.OneMiddleware|One Middleware |url: https://localhost/|action: Index
2021-11-01 11:06:03.9701||WARN|WebMVC.Middleware.TwoMiddleware|Two Middleware |url: https://localhost/|action: Index
2021-11-01 11:06:03.9701||WARN|WebMVC.Middleware.ThreeMiddleware|Three Middleware |url: https://localhost/|action: Index
2021-11-01 11:06:04.2265||INFO|WebMVC.Controllers.AccountController|Index |url: https://localhost/|action: Index
2021-11-01 11:06:05.5841||WARN|WebMVC.Middleware.OneMiddleware|One Middleware |url: https://localhost/Account/Login|action: Login
2021-11-01 11:06:05.5841||WARN|WebMVC.Middleware.TwoMiddleware|Two Middleware |url: https://localhost/Account/Login|action: Login
2021-11-01 11:06:05.5841||WARN|WebMVC.Middleware.ThreeMiddleware|Three Middleware |url: https://localhost/Account/Login|action: Login
2021-11-01 11:06:07.0297||WARN|WebMVC.Middleware.OneMiddleware|One Middleware |url: https://localhost/Home/Index|action: Index
2021-11-01 11:06:07.0335||WARN|WebMVC.Middleware.TwoMiddleware|Two Middleware |url: https://localhost/Home/Index|action: Index
2021-11-01 11:06:07.0335||WARN|WebMVC.Middleware.ThreeMiddleware|Three Middleware |url: https://localhost/Home/Index|action: Index
2021-11-01 11:06:07.0335||INFO|WebMVC.Filter.MyFilter|do2222 something..... |url: https://localhost/Home/Index|action: Index
2021-11-01 11:06:07.0675||ERROR|WebMVC.Controllers.HomeController|Index 11111 |url: https://localhost/Home/Index|action: Index
2021-11-01 11:06:07.0675||INFO|WebMVC.Controllers.HomeController|Index 22222 |url: https://localhost/Home/Index|action: Index
2021-11-01 11:06:07.0675||WARN|WebMVC.Controllers.HomeController|Index 55555 |url: https://localhost/Home/Index|action: Index
2021-11-01 11:06:07.0811||INFO|WebMVC.Controllers.HomeController|https%3a%2f%2fwww.cnblogs.com%2fdongh%2fp%2f15470938.html |url: https://localhost/Home/Index|action: Index
2021-11-01 11:06:07.0811||INFO|WebMVC.Controllers.HomeController|https://www.cnblogs.com/dongh/p/15470938.html |url: https://localhost/Home/Index|action: Index
2021-11-01 11:06:07.1016||ERROR|WebMVC.Controllers.HomeController|测试内容22222222222222 |url: https://localhost/Home/Index|action: Index
2021-11-01 11:06:08.5994||WARN|WebMVC.Middleware.OneMiddleware|One Middleware |url: https://localhost/Home/Privacy|action: Privacy
2021-11-01 11:06:08.5994||WARN|WebMVC.Middleware.TwoMiddleware|Two Middleware |url: https://localhost/Home/Privacy|action: Privacy
2021-11-01 11:06:08.5994||WARN|WebMVC.Middleware.ThreeMiddleware|Three Middleware |url: https://localhost/Home/Privacy|action: Privacy
2021-11-01 11:07:07.8825||INFO|Hangfire.SqlServer.SqlServerObjectsInstaller|Start installing Hangfire SQL objects... |url: |action: 
2021-11-01 11:07:08.3857||INFO|Hangfire.SqlServer.SqlServerObjectsInstaller|Hangfire SQL objects installed. |url: |action: 
2021-11-01 11:07:08.4005||INFO|Hangfire.BackgroundJobServer|Starting Hangfire Server using job storage: 'SQL Server: localhost@Test' |url: |action: 
2021-11-01 11:07:08.4005||INFO|Hangfire.BackgroundJobServer|Using the following options for SQL Server job storage: Queue poll interval: 00:00:15. |url: |action: 
2021-11-01 11:07:08.4005||INFO|Hangfire.BackgroundJobServer|Using the following options for Hangfire Server:
    Worker count: 12
    Listening queues: 'back', 'front', 'default'
    Shutdown timeout: 00:00:15
    Schedule polling interval: 00:00:15 |url: |action: 
2021-11-01 11:07:08.5393||INFO|Hangfire.Server.BackgroundServerProcess|Server conference hangfire1:13456:e50d970c successfully announced in 109.6284 ms |url: |action: 
2021-11-01 11:07:08.5393||INFO|Hangfire.Server.BackgroundServerProcess|Server conference hangfire1:13456:e50d970c is starting the registered dispatchers: ServerWatchdog, ServerJobCancellationWatcher, ExpirationManager, CountersAggregator, Worker, DelayedJobScheduler, RecurringJobScheduler... |url: |action: 
2021-11-01 11:07:08.6071||INFO|Hangfire.Server.BackgroundServerProcess|Server conference hangfire1:13456:e50d970c all the dispatchers started |url: |action: 
2021-11-01 11:07:10.3287||WARN|WebMVC.Middleware.OneMiddleware|One Middleware |url: https://localhost/|action: Index
2021-11-01 11:07:10.3287||WARN|WebMVC.Middleware.TwoMiddleware|Two Middleware |url: https://localhost/|action: Index
2021-11-01 11:07:10.3287||WARN|WebMVC.Middleware.ThreeMiddleware|Three Middleware |url: https://localhost/|action: Index
2021-11-01 11:07:10.4765||INFO|WebMVC.Controllers.AccountController|Index |url: https://localhost/|action: Index
2021-11-01 11:07:11.8601||WARN|WebMVC.Middleware.OneMiddleware|One Middleware |url: https://localhost/Account/Login|action: Login
2021-11-01 11:07:11.8601||WARN|WebMVC.Middleware.TwoMiddleware|Two Middleware |url: https://localhost/Account/Login|action: Login
2021-11-01 11:07:11.8601||WARN|WebMVC.Middleware.ThreeMiddleware|Three Middleware |url: https://localhost/Account/Login|action: Login
2021-11-01 11:07:12.9108||WARN|WebMVC.Middleware.OneMiddleware|One Middleware |url: https://localhost/Home/Index|action: Index
2021-11-01 11:07:12.9108||WARN|WebMVC.Middleware.TwoMiddleware|Two Middleware |url: https://localhost/Home/Index|action: Index
2021-11-01 11:07:12.9108||WARN|WebMVC.Middleware.ThreeMiddleware|Three Middleware |url: https://localhost/Home/Index|action: Index
2021-11-01 11:07:12.9245||INFO|WebMVC.Filter.MyFilter|do2222 something..... |url: https://localhost/Home/Index|action: Index
2021-11-01 11:07:12.9393||ERROR|WebMVC.Controllers.HomeController|Index 11111 |url: https://localhost/Home/Index|action: Index
2021-11-01 11:07:12.9393||INFO|WebMVC.Controllers.HomeController|Index 22222 |url: https://localhost/Home/Index|action: Index
2021-11-01 11:07:12.9393||WARN|WebMVC.Controllers.HomeController|Index 55555 |url: https://localhost/Home/Index|action: Index
2021-11-01 11:07:12.9393||INFO|WebMVC.Controllers.HomeController|https%3a%2f%2fwww.cnblogs.com%2fdongh%2fp%2f15470938.html |url: https://localhost/Home/Index|action: Index
2021-11-01 11:07:12.9551||INFO|WebMVC.Controllers.HomeController|https://www.cnblogs.com/dongh/p/15470938.html |url: https://localhost/Home/Index|action: Index
2021-11-01 11:07:12.9705||ERROR|WebMVC.Controllers.HomeController|测试内容22222222222222 |url: https://localhost/Home/Index|action: Index
2021-11-01 11:07:14.3355||WARN|WebMVC.Middleware.OneMiddleware|One Middleware |url: https://localhost/Home/Privacy|action: Privacy
2021-11-01 11:07:14.3355||WARN|WebMVC.Middleware.TwoMiddleware|Two Middleware |url: https://localhost/Home/Privacy|action: Privacy
2021-11-01 11:07:14.3355||WARN|WebMVC.Middleware.ThreeMiddleware|Three Middleware |url: https://localhost/Home/Privacy|action: Privacy
2021-11-01 11:10:34.7262||INFO|Hangfire.SqlServer.SqlServerObjectsInstaller|Start installing Hangfire SQL objects... |url: |action: 
2021-11-01 11:10:35.0368||INFO|Hangfire.SqlServer.SqlServerObjectsInstaller|Hangfire SQL objects installed. |url: |action: 
2021-11-01 11:10:35.0493||INFO|Hangfire.BackgroundJobServer|Starting Hangfire Server using job storage: 'SQL Server: localhost@Test' |url: |action: 
2021-11-01 11:10:35.0493||INFO|Hangfire.BackgroundJobServer|Using the following options for SQL Server job storage: Queue poll interval: 00:00:15. |url: |action: 
2021-11-01 11:10:35.0493||INFO|Hangfire.BackgroundJobServer|Using the following options for Hangfire Server:
    Worker count: 12
    Listening queues: 'back', 'front', 'default'
    Shutdown timeout: 00:00:15
    Schedule polling interval: 00:00:15 |url: |action: 
2021-11-01 11:10:35.2116||INFO|Hangfire.Server.BackgroundServerProcess|Server conference hangfire1:30240:089850c5 successfully announced in 121.1148 ms |url: |action: 
2021-11-01 11:10:35.2206||INFO|Hangfire.Server.BackgroundServerProcess|Server conference hangfire1:30240:089850c5 is starting the registered dispatchers: ServerWatchdog, ServerJobCancellationWatcher, ExpirationManager, CountersAggregator, Worker, DelayedJobScheduler, RecurringJobScheduler... |url: |action: 
2021-11-01 11:10:35.2884||INFO|Hangfire.Server.BackgroundServerProcess|Server conference hangfire1:30240:089850c5 all the dispatchers started |url: |action: 
2021-11-01 11:10:37.0669||WARN|WebMVC.Middleware.OneMiddleware|One Middleware |url: https://localhost/|action: Index
2021-11-01 11:10:37.0669||WARN|WebMVC.Middleware.TwoMiddleware|Two Middleware |url: https://localhost/|action: Index
2021-11-01 11:10:37.0831||WARN|WebMVC.Middleware.ThreeMiddleware|Three Middleware |url: https://localhost/|action: Index
2021-11-01 11:10:37.2605||INFO|WebMVC.Controllers.AccountController|Index |url: https://localhost/|action: Index
2021-11-01 11:10:38.7938||WARN|WebMVC.Middleware.OneMiddleware|One Middleware |url: https://localhost/Account/Login|action: Login
2021-11-01 11:10:38.7938||WARN|WebMVC.Middleware.TwoMiddleware|Two Middleware |url: https://localhost/Account/Login|action: Login
2021-11-01 11:10:38.8022||WARN|WebMVC.Middleware.ThreeMiddleware|Three Middleware |url: https://localhost/Account/Login|action: Login
2021-11-01 11:10:39.7963||WARN|WebMVC.Middleware.OneMiddleware|One Middleware |url: https://localhost/Home/Index|action: Index
2021-11-01 11:10:39.7994||WARN|WebMVC.Middleware.TwoMiddleware|Two Middleware |url: https://localhost/Home/Index|action: Index
2021-11-01 11:10:39.7994||WARN|WebMVC.Middleware.ThreeMiddleware|Three Middleware |url: https://localhost/Home/Index|action: Index
2021-11-01 11:10:39.7994||INFO|WebMVC.Filter.MyFilter|do2222 something..... |url: https://localhost/Home/Index|action: Index
2021-11-01 11:10:39.8285||ERROR|WebMVC.Controllers.HomeController|Index 11111 |url: https://localhost/Home/Index|action: Index
2021-11-01 11:10:39.8285||INFO|WebMVC.Controllers.HomeController|Index 22222 |url: https://localhost/Home/Index|action: Index
2021-11-01 11:10:39.8285||WARN|WebMVC.Controllers.HomeController|Index 55555 |url: https://localhost/Home/Index|action: Index
2021-11-01 11:10:39.8285||INFO|WebMVC.Controllers.HomeController|https%3a%2f%2fwww.cnblogs.com%2fdongh%2fp%2f15470938.html |url: https://localhost/Home/Index|action: Index
2021-11-01 11:10:39.8285||INFO|WebMVC.Controllers.HomeController|https://www.cnblogs.com/dongh/p/15470938.html |url: https://localhost/Home/Index|action: Index
2021-11-01 11:10:39.8561||ERROR|WebMVC.Controllers.HomeController|测试内容22222222222222 |url: https://localhost/Home/Index|action: Index
2021-11-01 11:10:41.1664||WARN|WebMVC.Middleware.OneMiddleware|One Middleware |url: https://localhost/Home/Privacy|action: Privacy
2021-11-01 11:10:41.1664||WARN|WebMVC.Middleware.TwoMiddleware|Two Middleware |url: https://localhost/Home/Privacy|action: Privacy
2021-11-01 11:10:41.1741||WARN|WebMVC.Middleware.ThreeMiddleware|Three Middleware |url: https://localhost/Home/Privacy|action: Privacy
2021-11-01 11:13:49.0560||INFO|Hangfire.SqlServer.SqlServerObjectsInstaller|Start installing Hangfire SQL objects... |url: |action: 
2021-11-01 11:13:49.2679||INFO|Hangfire.SqlServer.SqlServerObjectsInstaller|Hangfire SQL objects installed. |url: |action: 
2021-11-01 11:13:49.2679||INFO|Hangfire.BackgroundJobServer|Starting Hangfire Server using job storage: 'SQL Server: localhost@Test' |url: |action: 
2021-11-01 11:13:49.2679||INFO|Hangfire.BackgroundJobServer|Using the following options for SQL Server job storage: Queue poll interval: 00:00:15. |url: |action: 
2021-11-01 11:13:49.2837||INFO|Hangfire.BackgroundJobServer|Using the following options for Hangfire Server:
    Worker count: 12
    Listening queues: 'back', 'front', 'default'
    Shutdown timeout: 00:00:15
    Schedule polling interval: 00:00:15 |url: |action: 
2021-11-01 11:13:49.4061||INFO|Hangfire.Server.BackgroundServerProcess|Server conference hangfire1:18708:6facde9b successfully announced in 99.4035 ms |url: |action: 
2021-11-01 11:13:49.4148||INFO|Hangfire.Server.BackgroundServerProcess|Server conference hangfire1:18708:6facde9b is starting the registered dispatchers: ServerWatchdog, ServerJobCancellationWatcher, ExpirationManager, CountersAggregator, Worker, DelayedJobScheduler, RecurringJobScheduler... |url: |action: 
2021-11-01 11:13:49.4404||INFO|Hangfire.Server.ServerWatchdog|2 servers were removed due to timeout |url: |action: 
2021-11-01 11:13:49.4902||INFO|Hangfire.Server.BackgroundServerProcess|Server conference hangfire1:18708:6facde9b all the dispatchers started |url: |action: 
2021-11-01 11:13:51.0524||WARN|WebMVC.Middleware.OneMiddleware|One Middleware |url: https://localhost/|action: Index
2021-11-01 11:13:51.0524||WARN|WebMVC.Middleware.TwoMiddleware|Two Middleware |url: https://localhost/|action: Index
2021-11-01 11:13:51.0657||WARN|WebMVC.Middleware.ThreeMiddleware|Three Middleware |url: https://localhost/|action: Index
2021-11-01 11:13:51.2024||INFO|WebMVC.Controllers.AccountController|Index |url: https://localhost/|action: Index
2021-11-01 11:13:52.6787||WARN|WebMVC.Middleware.OneMiddleware|One Middleware |url: https://localhost/Account/Login|action: Login
2021-11-01 11:13:52.6787||WARN|WebMVC.Middleware.TwoMiddleware|Two Middleware |url: https://localhost/Account/Login|action: Login
2021-11-01 11:13:52.6787||WARN|WebMVC.Middleware.ThreeMiddleware|Three Middleware |url: https://localhost/Account/Login|action: Login
2021-11-01 11:13:53.5694||WARN|WebMVC.Middleware.OneMiddleware|One Middleware |url: https://localhost/Home/Index|action: Index
2021-11-01 11:13:53.5694||WARN|WebMVC.Middleware.TwoMiddleware|Two Middleware |url: https://localhost/Home/Index|action: Index
2021-11-01 11:13:53.5694||WARN|WebMVC.Middleware.ThreeMiddleware|Three Middleware |url: https://localhost/Home/Index|action: Index
2021-11-01 11:13:53.5813||INFO|WebMVC.Filter.MyFilter|do2222 something..... |url: https://localhost/Home/Index|action: Index
2021-11-01 11:13:53.5963||ERROR|WebMVC.Controllers.HomeController|Index 11111 |url: https://localhost/Home/Index|action: Index
2021-11-01 11:13:53.5963||INFO|WebMVC.Controllers.HomeController|Index 22222 |url: https://localhost/Home/Index|action: Index
2021-11-01 11:13:53.5963||WARN|WebMVC.Controllers.HomeController|Index 55555 |url: https://localhost/Home/Index|action: Index
2021-11-01 11:13:53.5963||INFO|WebMVC.Controllers.HomeController|https%3a%2f%2fwww.cnblogs.com%2fdongh%2fp%2f15470938.html |url: https://localhost/Home/Index|action: Index
2021-11-01 11:13:53.6126||INFO|WebMVC.Controllers.HomeController|https://www.cnblogs.com/dongh/p/15470938.html |url: https://localhost/Home/Index|action: Index
2021-11-01 11:13:53.6292||ERROR|WebMVC.Controllers.HomeController|测试内容22222222222222 |url: https://localhost/Home/Index|action: Index
2021-11-01 11:13:54.8845||WARN|WebMVC.Middleware.OneMiddleware|One Middleware |url: https://localhost/Home/Privacy|action: Privacy
2021-11-01 11:13:54.8845||WARN|WebMVC.Middleware.TwoMiddleware|Two Middleware |url: https://localhost/Home/Privacy|action: Privacy
2021-11-01 11:13:54.8845||WARN|WebMVC.Middleware.ThreeMiddleware|Three Middleware |url: https://localhost/Home/Privacy|action: Privacy
2021-11-01 11:14:08.4280||ERROR||Cache entry must specify a value for Size when SizeLimit is set.
   at Microsoft.Extensions.Caching.Memory.MemoryCache.SetEntry(CacheEntry entry)
   at Microsoft.Extensions.Caching.Memory.CacheEntry.Dispose()
   at Microsoft.Extensions.Caching.Memory.CacheExtensions.GetOrCreate[TItem](IMemoryCache cache, Object key, Func`2 factory)
   at WebMVC.Controllers.HomeController.Privacy() in C:\GutReposite\Console\WebMVC\Controllers\HomeController.cs:line 157
   at lambda_method100(Closure , Object , Object[] )
   at Microsoft.AspNetCore.Mvc.Infrastructure.ActionMethodExecutor.SyncActionResultExecutor.Execute(IActionResultTypeMapper mapper, ObjectMethodExecutor executor, Object controller, Object[] arguments)
   at Microsoft.AspNetCore.Mvc.Infrastructure.ControllerActionInvoker.InvokeActionMethodAsync()
   at Microsoft.AspNetCore.Mvc.Infrastructure.ControllerActionInvoker.Next(State& next, Scope& scope, Object& state, Boolean& isCompleted)
   at Microsoft.AspNetCore.Mvc.Infrastructure.ControllerActionInvoker.InvokeNextActionFilterAsync()
--- End of stack trace from previous location ---
   at Microsoft.AspNetCore.Mvc.Infrastructure.ControllerActionInvoker.Rethrow(ActionExecutedContextSealed context)
   at Microsoft.AspNetCore.Mvc.Infrastructure.ControllerActionInvoker.Next(State& next, Scope& scope, Object& state, Boolean& isCompleted)
   at Microsoft.AspNetCore.Mvc.Infrastructure.ControllerActionInvoker.InvokeInnerFilterAsync()
--- End of stack trace from previous location ---
   at Microsoft.AspNetCore.Mvc.Infrastructure.ResourceInvoker.<InvokeNextExceptionFilterAsync>g__Awaited|26_0(ResourceInvoker invoker, Task lastTask, State next, Scope scope, Object state, Boolean isCompleted)
 |url: https://localhost/Home/Privacy|action: Privacy
2021-11-01 11:14:08.4280||WARN|WebMVC.Middleware.OneMiddleware|One Middleware |url: https://localhost/Home/Error|action: Error
2021-11-01 11:14:08.4413||WARN|WebMVC.Middleware.TwoMiddleware|Two Middleware |url: https://localhost/Home/Error|action: Error
2021-11-01 11:14:08.4413||WARN|WebMVC.Middleware.ThreeMiddleware|Three Middleware |url: https://localhost/Home/Error|action: Error
2021-11-01 11:14:13.5661||WARN|WebMVC.Middleware.OneMiddleware|One Middleware |url: https://localhost/Home/Privacy|action: Privacy
2021-11-01 11:14:13.5661||WARN|WebMVC.Middleware.TwoMiddleware|Two Middleware |url: https://localhost/Home/Privacy|action: Privacy
2021-11-01 11:14:13.5814||WARN|WebMVC.Middleware.ThreeMiddleware|Three Middleware |url: https://localhost/Home/Privacy|action: Privacy
2021-11-01 11:21:00.1798||INFO|Hangfire.SqlServer.SqlServerObjectsInstaller|Start installing Hangfire SQL objects... |url: |action: 
2021-11-01 11:21:00.5421||INFO|Hangfire.SqlServer.SqlServerObjectsInstaller|Hangfire SQL objects installed. |url: |action: 
2021-11-01 11:21:00.5583||INFO|Hangfire.BackgroundJobServer|Starting Hangfire Server using job storage: 'SQL Server: localhost@Test' |url: |action: 
2021-11-01 11:21:00.5583||INFO|Hangfire.BackgroundJobServer|Using the following options for SQL Server job storage: Queue poll interval: 00:00:15. |url: |action: 
2021-11-01 11:21:00.5627||INFO|Hangfire.BackgroundJobServer|Using the following options for Hangfire Server:
    Worker count: 12
    Listening queues: 'back', 'front', 'default'
    Shutdown timeout: 00:00:15
    Schedule polling interval: 00:00:15 |url: |action: 
2021-11-01 11:21:00.7153||INFO|Hangfire.Server.BackgroundServerProcess|Server conference hangfire1:14056:12fecca7 successfully announced in 121.939 ms |url: |action: 
2021-11-01 11:21:00.7256||INFO|Hangfire.Server.BackgroundServerProcess|Server conference hangfire1:14056:12fecca7 is starting the registered dispatchers: ServerWatchdog, ServerJobCancellationWatcher, ExpirationManager, CountersAggregator, Worker, DelayedJobScheduler, RecurringJobScheduler... |url: |action: 
2021-11-01 11:21:00.7622||INFO|Hangfire.Server.ServerWatchdog|2 servers were removed due to timeout |url: |action: 
2021-11-01 11:21:00.8451||INFO|Hangfire.Server.BackgroundServerProcess|Server conference hangfire1:14056:12fecca7 all the dispatchers started |url: |action: 
2021-11-01 11:21:02.5411||WARN|WebMVC.Middleware.OneMiddleware|One Middleware |url: https://localhost/|action: Index
2021-11-01 11:21:02.5486||WARN|WebMVC.Middleware.TwoMiddleware|Two Middleware |url: https://localhost/|action: Index
2021-11-01 11:21:02.5486||WARN|WebMVC.Middleware.ThreeMiddleware|Three Middleware |url: https://localhost/|action: Index
2021-11-01 11:21:02.6832||INFO|WebMVC.Controllers.AccountController|Index |url: https://localhost/|action: Index
2021-11-01 11:21:08.6990||WARN|WebMVC.Middleware.OneMiddleware|One Middleware |url: https://localhost/Account/Login|action: Login
2021-11-01 11:21:08.6990||WARN|WebMVC.Middleware.TwoMiddleware|Two Middleware |url: https://localhost/Account/Login|action: Login
2021-11-01 11:21:08.6990||WARN|WebMVC.Middleware.ThreeMiddleware|Three Middleware |url: https://localhost/Account/Login|action: Login
2021-11-01 11:21:09.6783||WARN|WebMVC.Middleware.OneMiddleware|One Middleware |url: https://localhost/Home/Index|action: Index
2021-11-01 11:21:09.6783||WARN|WebMVC.Middleware.TwoMiddleware|Two Middleware |url: https://localhost/Home/Index|action: Index
2021-11-01 11:21:09.6783||WARN|WebMVC.Middleware.ThreeMiddleware|Three Middleware |url: https://localhost/Home/Index|action: Index
2021-11-01 11:21:09.6928||INFO|WebMVC.Filter.MyFilter|do2222 something..... |url: https://localhost/Home/Index|action: Index
2021-11-01 11:21:09.7067||ERROR|WebMVC.Controllers.HomeController|Index 11111 |url: https://localhost/Home/Index|action: Index
2021-11-01 11:21:09.7067||INFO|WebMVC.Controllers.HomeController|Index 22222 |url: https://localhost/Home/Index|action: Index
2021-11-01 11:21:09.7067||WARN|WebMVC.Controllers.HomeController|Index 55555 |url: https://localhost/Home/Index|action: Index
2021-11-01 11:21:09.7067||INFO|WebMVC.Controllers.HomeController|https%3a%2f%2fwww.cnblogs.com%2fdongh%2fp%2f15470938.html |url: https://localhost/Home/Index|action: Index
2021-11-01 11:21:09.7217||INFO|WebMVC.Controllers.HomeController|https://www.cnblogs.com/dongh/p/15470938.html |url: https://localhost/Home/Index|action: Index
2021-11-01 11:21:09.7379||ERROR|WebMVC.Controllers.HomeController|测试内容22222222222222 |url: https://localhost/Home/Index|action: Index
2021-11-01 11:21:11.2647||WARN|WebMVC.Middleware.OneMiddleware|One Middleware |url: https://localhost/Home/Privacy|action: Privacy
2021-11-01 11:21:11.2673||WARN|WebMVC.Middleware.TwoMiddleware|Two Middleware |url: https://localhost/Home/Privacy|action: Privacy
2021-11-01 11:21:11.2673||WARN|WebMVC.Middleware.ThreeMiddleware|Three Middleware |url: https://localhost/Home/Privacy|action: Privacy
2021-11-01 12:16:23.1901||INFO|Hangfire.SqlServer.SqlServerObjectsInstaller|Start installing Hangfire SQL objects... |url: |action: 
2021-11-01 12:16:23.6310||INFO|Hangfire.SqlServer.SqlServerObjectsInstaller|Hangfire SQL objects installed. |url: |action: 
2021-11-01 12:16:23.6453||INFO|Hangfire.BackgroundJobServer|Starting Hangfire Server using job storage: 'SQL Server: localhost@Test' |url: |action: 
2021-11-01 12:16:23.6453||INFO|Hangfire.BackgroundJobServer|Using the following options for SQL Server job storage: Queue poll interval: 00:00:15. |url: |action: 
2021-11-01 12:16:23.6453||INFO|Hangfire.BackgroundJobServer|Using the following options for Hangfire Server:
    Worker count: 12
    Listening queues: 'back', 'front', 'default'
    Shutdown timeout: 00:00:15
    Schedule polling interval: 00:00:15 |url: |action: 
2021-11-01 12:16:23.7964||INFO|Hangfire.Server.BackgroundServerProcess|Server conference hangfire1:14588:5eccb7c1 successfully announced in 112.0192 ms |url: |action: 
2021-11-01 12:16:23.8048||INFO|Hangfire.Server.BackgroundServerProcess|Server conference hangfire1:14588:5eccb7c1 is starting the registered dispatchers: ServerWatchdog, ServerJobCancellationWatcher, ExpirationManager, CountersAggregator, Worker, DelayedJobScheduler, RecurringJobScheduler... |url: |action: 
2021-11-01 12:16:23.8569||INFO|Hangfire.Server.ServerWatchdog|1 servers were removed due to timeout |url: |action: 
2021-11-01 12:16:23.8934||INFO|Hangfire.Server.BackgroundServerProcess|Server conference hangfire1:14588:5eccb7c1 all the dispatchers started |url: |action: 
2021-11-01 12:16:25.4946||WARN|WebMVC.Middleware.OneMiddleware|One Middleware |url: https://localhost/|action: Index
2021-11-01 12:16:25.5022||WARN|WebMVC.Middleware.TwoMiddleware|Two Middleware |url: https://localhost/|action: Index
2021-11-01 12:16:25.5022||WARN|WebMVC.Middleware.ThreeMiddleware|Three Middleware |url: https://localhost/|action: Index
2021-11-01 12:16:25.6515||INFO|WebMVC.Controllers.AccountController|Index |url: https://localhost/|action: Index
2021-11-01 12:16:26.9797||WARN|WebMVC.Middleware.OneMiddleware|One Middleware |url: https://localhost/Account/Login|action: Login
2021-11-01 12:16:26.9797||WARN|WebMVC.Middleware.TwoMiddleware|Two Middleware |url: https://localhost/Account/Login|action: Login
2021-11-01 12:16:26.9895||WARN|WebMVC.Middleware.ThreeMiddleware|Three Middleware |url: https://localhost/Account/Login|action: Login
2021-11-01 12:16:27.9717||WARN|WebMVC.Middleware.OneMiddleware|One Middleware |url: https://localhost/Home/Index|action: Index
2021-11-01 12:16:27.9717||WARN|WebMVC.Middleware.TwoMiddleware|Two Middleware |url: https://localhost/Home/Index|action: Index
2021-11-01 12:16:27.9717||WARN|WebMVC.Middleware.ThreeMiddleware|Three Middleware |url: https://localhost/Home/Index|action: Index
2021-11-01 12:16:27.9874||INFO|WebMVC.Filter.MyFilter|do2222 something..... |url: https://localhost/Home/Index|action: Index
2021-11-01 12:16:28.0011||ERROR|WebMVC.Controllers.HomeController|Index 11111 |url: https://localhost/Home/Index|action: Index
2021-11-01 12:16:28.0011||INFO|WebMVC.Controllers.HomeController|Index 22222 |url: https://localhost/Home/Index|action: Index
2021-11-01 12:16:28.0011||WARN|WebMVC.Controllers.HomeController|Index 55555 |url: https://localhost/Home/Index|action: Index
2021-11-01 12:16:28.0011||INFO|WebMVC.Controllers.HomeController|https%3a%2f%2fwww.cnblogs.com%2fdongh%2fp%2f15470938.html |url: https://localhost/Home/Index|action: Index
2021-11-01 12:16:28.0011||INFO|WebMVC.Controllers.HomeController|https://www.cnblogs.com/dongh/p/15470938.html |url: https://localhost/Home/Index|action: Index
2021-11-01 12:16:28.0300||ERROR|WebMVC.Controllers.HomeController|测试内容22222222222222 |url: https://localhost/Home/Index|action: Index
2021-11-01 12:16:29.1954||WARN|WebMVC.Middleware.OneMiddleware|One Middleware |url: https://localhost/Home/Privacy|action: Privacy
2021-11-01 12:16:29.1954||WARN|WebMVC.Middleware.TwoMiddleware|Two Middleware |url: https://localhost/Home/Privacy|action: Privacy
2021-11-01 12:16:29.1954||WARN|WebMVC.Middleware.ThreeMiddleware|Three Middleware |url: https://localhost/Home/Privacy|action: Privacy
2021-11-01 15:27:28.2049||INFO|Hangfire.SqlServer.SqlServerObjectsInstaller|Start installing Hangfire SQL objects... |url: |action: 
2021-11-01 15:27:28.7510||INFO|Hangfire.SqlServer.SqlServerObjectsInstaller|Hangfire SQL objects installed. |url: |action: 
2021-11-01 15:27:28.7510||INFO|Hangfire.BackgroundJobServer|Starting Hangfire Server using job storage: 'SQL Server: localhost@Test' |url: |action: 
2021-11-01 15:27:28.7510||INFO|Hangfire.BackgroundJobServer|Using the following options for SQL Server job storage: Queue poll interval: 00:00:15. |url: |action: 
2021-11-01 15:27:28.7671||INFO|Hangfire.BackgroundJobServer|Using the following options for Hangfire Server:
    Worker count: 12
    Listening queues: 'back', 'front', 'default'
    Shutdown timeout: 00:00:15
    Schedule polling interval: 00:00:15 |url: |action: 
2021-11-01 15:27:28.9272||INFO|Hangfire.Server.BackgroundServerProcess|Server conference hangfire1:17000:f104ddb6 successfully announced in 133.3493 ms |url: |action: 
2021-11-01 15:27:28.9272||INFO|Hangfire.Server.BackgroundServerProcess|Server conference hangfire1:17000:f104ddb6 is starting the registered dispatchers: ServerWatchdog, ServerJobCancellationWatcher, ExpirationManager, CountersAggregator, Worker, DelayedJobScheduler, RecurringJobScheduler... |url: |action: 
2021-11-01 15:27:28.9574||INFO|Hangfire.Server.ServerWatchdog|1 servers were removed due to timeout |url: |action: 
2021-11-01 15:27:28.9893||INFO|Hangfire.Server.BackgroundServerProcess|Server conference hangfire1:17000:f104ddb6 all the dispatchers started |url: |action: 
2021-11-01 15:27:30.8893||WARN|WebMVC.Middleware.OneMiddleware|One Middleware |url: https://localhost/|action: Index
2021-11-01 15:27:30.8961||WARN|WebMVC.Middleware.TwoMiddleware|Two Middleware |url: https://localhost/|action: Index
2021-11-01 15:27:30.8961||WARN|WebMVC.Middleware.ThreeMiddleware|Three Middleware |url: https://localhost/|action: Index
2021-11-01 15:27:31.1339||INFO|WebMVC.Controllers.AccountController|Index |url: https://localhost/|action: Index
2021-11-01 16:53:27.4645||INFO|Hangfire.SqlServer.SqlServerObjectsInstaller|Start installing Hangfire SQL objects... |url: |action: 
2021-11-01 16:53:28.4497||INFO|Hangfire.SqlServer.SqlServerObjectsInstaller|Hangfire SQL objects installed. |url: |action: 
2021-11-01 16:53:28.4747||INFO|Hangfire.BackgroundJobServer|Starting Hangfire Server using job storage: 'SQL Server: localhost@Test' |url: |action: 
2021-11-01 16:53:28.4747||INFO|Hangfire.BackgroundJobServer|Using the following options for SQL Server job storage: Queue poll interval: 00:00:15. |url: |action: 
2021-11-01 16:53:28.4747||INFO|Hangfire.BackgroundJobServer|Using the following options for Hangfire Server:
    Worker count: 12
    Listening queues: 'back', 'front', 'default'
    Shutdown timeout: 00:00:15
    Schedule polling interval: 00:00:15 |url: |action: 
2021-11-01 16:53:28.7183||INFO|Hangfire.Server.BackgroundServerProcess|Server conference hangfire1:33396:6ca66d37 successfully announced in 182.1889 ms |url: |action: 
2021-11-01 16:53:28.7359||INFO|Hangfire.Server.BackgroundServerProcess|Server conference hangfire1:33396:6ca66d37 is starting the registered dispatchers: ServerWatchdog, ServerJobCancellationWatcher, ExpirationManager, CountersAggregator, Worker, DelayedJobScheduler, RecurringJobScheduler... |url: |action: 
2021-11-01 16:53:28.7611||INFO|Hangfire.Server.ServerWatchdog|1 servers were removed due to timeout |url: |action: 
2021-11-01 16:53:28.8613||INFO|Hangfire.Server.BackgroundServerProcess|Server conference hangfire1:33396:6ca66d37 all the dispatchers started |url: |action: 
2021-11-01 16:53:30.8848||WARN|WebMVC.Middleware.OneMiddleware|One Middleware |url: https://localhost/|action: Index
2021-11-01 16:53:30.8964||WARN|WebMVC.Middleware.TwoMiddleware|Two Middleware |url: https://localhost/|action: Index
2021-11-01 16:53:30.8964||WARN|WebMVC.Middleware.ThreeMiddleware|Three Middleware |url: https://localhost/|action: Index
2021-11-01 16:53:31.0432||INFO|WebMVC.Controllers.AccountController|Index |url: https://localhost/|action: Index
2021-11-01 16:53:33.2772||WARN|WebMVC.Middleware.OneMiddleware|One Middleware |url: https://localhost/Account/Login|action: Login
2021-11-01 16:53:33.2772||WARN|WebMVC.Middleware.TwoMiddleware|Two Middleware |url: https://localhost/Account/Login|action: Login
2021-11-01 16:53:33.2834||WARN|WebMVC.Middleware.ThreeMiddleware|Three Middleware |url: https://localhost/Account/Login|action: Login
2021-11-01 16:53:35.5411||WARN|WebMVC.Middleware.OneMiddleware|One Middleware |url: https://localhost/Home/Index|action: Index
2021-11-01 16:53:35.5473||WARN|WebMVC.Middleware.TwoMiddleware|Two Middleware |url: https://localhost/Home/Index|action: Index
2021-11-01 16:53:35.5473||WARN|WebMVC.Middleware.ThreeMiddleware|Three Middleware |url: https://localhost/Home/Index|action: Index
2021-11-01 16:53:35.5652||INFO|WebMVC.Filter.MyFilter|do2222 something..... |url: https://localhost/Home/Index|action: Index
2021-11-01 16:53:35.5887||ERROR|WebMVC.Controllers.HomeController|Index 11111 |url: https://localhost/Home/Index|action: Index
2021-11-01 16:53:35.5968||INFO|WebMVC.Controllers.HomeController|Index 22222 |url: https://localhost/Home/Index|action: Index
2021-11-01 16:53:35.5968||WARN|WebMVC.Controllers.HomeController|Index 55555 |url: https://localhost/Home/Index|action: Index
2021-11-01 16:53:35.6139||INFO|WebMVC.Controllers.HomeController|https%3a%2f%2fwww.cnblogs.com%2fdongh%2fp%2f15470938.html |url: https://localhost/Home/Index|action: Index
2021-11-01 16:53:35.6139||INFO|WebMVC.Controllers.HomeController|https://www.cnblogs.com/dongh/p/15470938.html |url: https://localhost/Home/Index|action: Index
2021-11-01 16:53:35.6428||ERROR|WebMVC.Controllers.HomeController|测试内容22222222222222 |url: https://localhost/Home/Index|action: Index
2021-11-01 16:53:36.9849||WARN|WebMVC.Middleware.OneMiddleware|One Middleware |url: https://localhost/Home/Privacy|action: Privacy
2021-11-01 16:53:37.0249||WARN|WebMVC.Middleware.TwoMiddleware|Two Middleware |url: https://localhost/Home/Privacy|action: Privacy
2021-11-01 16:53:37.0249||WARN|WebMVC.Middleware.ThreeMiddleware|Three Middleware |url: https://localhost/Home/Privacy|action: Privacy
2021-11-01 16:53:47.0334||ERROR||Value cannot be null. (Parameter '参数“info”不能为空引用。')
   at WebMVC.Common.Check.Required[TException](Boolean assertion, String message) in C:\GutReposite\Console\WebMVC\Common\Check.cs:line 36
   at WebMVC.Common.Check.NotNull[T](T value, String paramName) in C:\GutReposite\Console\WebMVC\Common\Check.cs:line 79
   at WebMVC.Controllers.HomeController.Privacy() in C:\GutReposite\Console\WebMVC\Controllers\HomeController.cs:line 117
   at lambda_method100(Closure , Object , Object[] )
   at Microsoft.AspNetCore.Mvc.Infrastructure.ActionMethodExecutor.SyncActionResultExecutor.Execute(IActionResultTypeMapper mapper, ObjectMethodExecutor executor, Object controller, Object[] arguments)
   at Microsoft.AspNetCore.Mvc.Infrastructure.ControllerActionInvoker.InvokeActionMethodAsync()
   at Microsoft.AspNetCore.Mvc.Infrastructure.ControllerActionInvoker.Next(State& next, Scope& scope, Object& state, Boolean& isCompleted)
   at Microsoft.AspNetCore.Mvc.Infrastructure.ControllerActionInvoker.InvokeNextActionFilterAsync()
--- End of stack trace from previous location ---
   at Microsoft.AspNetCore.Mvc.Infrastructure.ControllerActionInvoker.Rethrow(ActionExecutedContextSealed context)
   at Microsoft.AspNetCore.Mvc.Infrastructure.ControllerActionInvoker.Next(State& next, Scope& scope, Object& state, Boolean& isCompleted)
   at Microsoft.AspNetCore.Mvc.Infrastructure.ControllerActionInvoker.InvokeInnerFilterAsync()
--- End of stack trace from previous location ---
   at Microsoft.AspNetCore.Mvc.Infrastructure.ResourceInvoker.<InvokeNextExceptionFilterAsync>g__Awaited|26_0(ResourceInvoker invoker, Task lastTask, State next, Scope scope, Object state, Boolean isCompleted)
 |url: https://localhost/Home/Privacy|action: Privacy
2021-11-01 16:53:47.0491||WARN|WebMVC.Middleware.OneMiddleware|One Middleware |url: https://localhost/Home/Error|action: Error
2021-11-01 16:53:47.0491||WARN|WebMVC.Middleware.TwoMiddleware|Two Middleware |url: https://localhost/Home/Error|action: Error
2021-11-01 16:53:47.0491||WARN|WebMVC.Middleware.ThreeMiddleware|Three Middleware |url: https://localhost/Home/Error|action: Error
