2021-11-09 10:55:07.3574||INFO|Hangfire.SqlServer.SqlServerObjectsInstaller|Start installing Hangfire SQL objects... |url: |action: 
2021-11-09 10:55:07.7301||INFO|Hangfire.SqlServer.SqlServerObjectsInstaller|Hangfire SQL objects installed. |url: |action: 
2021-11-09 10:55:07.7465||INFO|Hangfire.BackgroundJobServer|Starting Hangfire Server using job storage: 'SQL Server: localhost@Test' |url: |action: 
2021-11-09 10:55:07.7465||INFO|Hangfire.BackgroundJobServer|Using the following options for SQL Server job storage: Queue poll interval: 00:00:15. |url: |action: 
2021-11-09 10:55:07.7465||INFO|Hangfire.BackgroundJobServer|Using the following options for Hangfire Server:
    Worker count: 12
    Listening queues: 'back', 'front', 'default'
    Shutdown timeout: 00:00:15
    Schedule polling interval: 00:00:15 |url: |action: 
2021-11-09 10:55:07.9565||INFO|Hangfire.Server.BackgroundServerProcess|Server conference hangfire1:8140:e5f9dd32 successfully announced in 157.7623 ms |url: |action: 
2021-11-09 10:55:07.9565||INFO|Hangfire.Server.BackgroundServerProcess|Server conference hangfire1:8140:e5f9dd32 is starting the registered dispatchers: ServerWatchdog, ServerJobCancellationWatcher, ExpirationManager, CountersAggregator, Worker, DelayedJobScheduler, RecurringJobScheduler... |url: |action: 
2021-11-09 10:55:07.9845||INFO|Hangfire.Server.ServerWatchdog|1 servers were removed due to timeout |url: |action: 
2021-11-09 10:55:08.0271||INFO|Hangfire.Server.BackgroundServerProcess|Server conference hangfire1:8140:e5f9dd32 all the dispatchers started |url: |action: 
2021-11-09 10:55:11.0768||WARN|WebMVC.Middleware.OneMiddleware|One Middleware |url: https://localhost/|action: Index
2021-11-09 10:55:11.0928||WARN|WebMVC.Middleware.TwoMiddleware|Two Middleware |url: https://localhost/|action: Index
2021-11-09 10:55:11.1062||WARN|WebMVC.Middleware.ThreeMiddleware|Three Middleware |url: https://localhost/|action: Index
2021-11-09 10:55:11.8649||INFO|WebMVC.Controllers.AccountController|Index |url: https://localhost/|action: Index
2021-11-09 10:55:50.6302||WARN|WebMVC.Middleware.OneMiddleware|One Middleware |url: https://localhost/Account/Login|action: Login
2021-11-09 10:55:50.6302||WARN|WebMVC.Middleware.TwoMiddleware|Two Middleware |url: https://localhost/Account/Login|action: Login
2021-11-09 10:55:50.6302||WARN|WebMVC.Middleware.ThreeMiddleware|Three Middleware |url: https://localhost/Account/Login|action: Login
2021-11-09 10:55:51.3596||WARN|WebMVC.Middleware.OneMiddleware|One Middleware |url: https://localhost/Account/Login|action: Login
2021-11-09 10:55:51.3638||WARN|WebMVC.Middleware.TwoMiddleware|Two Middleware |url: https://localhost/Account/Login|action: Login
2021-11-09 10:55:51.3638||WARN|WebMVC.Middleware.ThreeMiddleware|Three Middleware |url: https://localhost/Account/Login|action: Login
2021-11-09 10:55:51.8746||WARN|WebMVC.Middleware.OneMiddleware|One Middleware |url: https://localhost/Home/Index|action: Index
2021-11-09 10:55:51.8776||WARN|WebMVC.Middleware.TwoMiddleware|Two Middleware |url: https://localhost/Home/Index|action: Index
2021-11-09 10:55:51.8776||WARN|WebMVC.Middleware.ThreeMiddleware|Three Middleware |url: https://localhost/Home/Index|action: Index
2021-11-09 10:55:51.8776||INFO|WebMVC.Filter.MyFilter|do2222 something..... |url: https://localhost/Home/Index|action: Index
2021-11-09 10:55:51.9137||ERROR|WebMVC.Controllers.HomeController|Index 11111 |url: https://localhost/Home/Index|action: Index
2021-11-09 10:55:51.9137||INFO|WebMVC.Controllers.HomeController|Index 22222 |url: https://localhost/Home/Index|action: Index
2021-11-09 10:55:51.9137||WARN|WebMVC.Controllers.HomeController|Index 55555 |url: https://localhost/Home/Index|action: Index
2021-11-09 10:55:51.9137||INFO|WebMVC.Controllers.HomeController|https%3a%2f%2fwww.cnblogs.com%2fdongh%2fp%2f15470938.html |url: https://localhost/Home/Index|action: Index
2021-11-09 10:55:51.9264||INFO|WebMVC.Controllers.HomeController|https://www.cnblogs.com/dongh/p/15470938.html |url: https://localhost/Home/Index|action: Index
2021-11-09 10:55:51.9264||ERROR|WebMVC.Controllers.HomeController|测试内容22222222222222 |url: https://localhost/Home/Index|action: Index
2021-11-09 10:55:53.5198||WARN|WebMVC.Middleware.OneMiddleware|One Middleware |url: https://localhost/Lang/Index|action: Index
2021-11-09 10:55:53.5198||WARN|WebMVC.Middleware.TwoMiddleware|Two Middleware |url: https://localhost/Lang/Index|action: Index
2021-11-09 10:55:53.5198||WARN|WebMVC.Middleware.ThreeMiddleware|Three Middleware |url: https://localhost/Lang/Index|action: Index
2021-11-09 10:55:54.6291||WARN|WebMVC.Middleware.OneMiddleware|One Middleware |url: https://localhost/Lang/Index|action: Index
2021-11-09 10:55:54.6291||WARN|WebMVC.Middleware.TwoMiddleware|Two Middleware |url: https://localhost/Lang/Index|action: Index
2021-11-09 10:55:54.6291||WARN|WebMVC.Middleware.ThreeMiddleware|Three Middleware |url: https://localhost/Lang/Index|action: Index
2021-11-09 10:55:55.2521||WARN|WebMVC.Middleware.OneMiddleware|One Middleware |url: https://localhost/Lang/Index|action: Index
2021-11-09 10:55:55.2521||WARN|WebMVC.Middleware.TwoMiddleware|Two Middleware |url: https://localhost/Lang/Index|action: Index
2021-11-09 10:55:55.2521||WARN|WebMVC.Middleware.ThreeMiddleware|Three Middleware |url: https://localhost/Lang/Index|action: Index
2021-11-09 10:55:55.7194||WARN|WebMVC.Middleware.OneMiddleware|One Middleware |url: https://localhost/Lang/Index|action: Index
2021-11-09 10:55:55.7220||WARN|WebMVC.Middleware.TwoMiddleware|Two Middleware |url: https://localhost/Lang/Index|action: Index
2021-11-09 10:55:55.7220||WARN|WebMVC.Middleware.ThreeMiddleware|Three Middleware |url: https://localhost/Lang/Index|action: Index
2021-11-09 10:55:56.0326||WARN|WebMVC.Middleware.OneMiddleware|One Middleware |url: https://localhost/Lang/Index|action: Index
2021-11-09 10:55:56.0326||WARN|WebMVC.Middleware.TwoMiddleware|Two Middleware |url: https://localhost/Lang/Index|action: Index
2021-11-09 10:55:56.0326||WARN|WebMVC.Middleware.ThreeMiddleware|Three Middleware |url: https://localhost/Lang/Index|action: Index
