2021-11-04 14:49:07.5791||INFO|Hangfire.SqlServer.SqlServerObjectsInstaller|Start installing Hangfire SQL objects... |url: |action: 
2021-11-04 14:49:09.0632||INFO|Hangfire.SqlServer.SqlServerObjectsInstaller|Hangfire SQL objects installed. |url: |action: 
2021-11-04 14:49:09.0632||INFO|Hangfire.BackgroundJobServer|Starting Hangfire Server using job storage: 'SQL Server: localhost@Test' |url: |action: 
2021-11-04 14:49:09.0796||INFO|Hangfire.BackgroundJobServer|Using the following options for SQL Server job storage: Queue poll interval: 00:00:15. |url: |action: 
2021-11-04 14:49:09.0796||INFO|Hangfire.BackgroundJobServer|Using the following options for Hangfire Server:
    Worker count: 12
    Listening queues: 'back', 'front', 'default'
    Shutdown timeout: 00:00:15
    Schedule polling interval: 00:00:15 |url: |action: 
2021-11-04 14:49:09.2874||INFO|Hangfire.Server.BackgroundServerProcess|Server conference hangfire1:43164:3c8bfd7f successfully announced in 177.2368 ms |url: |action: 
2021-11-04 14:49:09.2956||INFO|Hangfire.Server.BackgroundServerProcess|Server conference hangfire1:43164:3c8bfd7f is starting the registered dispatchers: ServerWatchdog, ServerJobCancellationWatcher, ExpirationManager, CountersAggregator, Worker, DelayedJobScheduler, RecurringJobScheduler... |url: |action: 
2021-11-04 14:49:09.3359||INFO|Hangfire.Server.ServerWatchdog|3 servers were removed due to timeout |url: |action: 
2021-11-04 14:49:09.3583||INFO|Hangfire.Server.BackgroundServerProcess|Server conference hangfire1:43164:3c8bfd7f all the dispatchers started |url: |action: 
2021-11-04 14:49:11.5113||WARN|WebMVC.Middleware.OneMiddleware|One Middleware |url: https://localhost/|action: Index
2021-11-04 14:49:11.5166||WARN|WebMVC.Middleware.TwoMiddleware|Two Middleware |url: https://localhost/|action: Index
2021-11-04 14:49:11.5166||WARN|WebMVC.Middleware.ThreeMiddleware|Three Middleware |url: https://localhost/|action: Index
2021-11-04 14:49:11.7019||INFO|WebMVC.Controllers.AccountController|Index |url: https://localhost/|action: Index
2021-11-04 14:49:13.4008||WARN|WebMVC.Middleware.OneMiddleware|One Middleware |url: https://localhost/Account/Login|action: Login
2021-11-04 14:49:13.4061||WARN|WebMVC.Middleware.TwoMiddleware|Two Middleware |url: https://localhost/Account/Login|action: Login
2021-11-04 14:49:13.4061||WARN|WebMVC.Middleware.ThreeMiddleware|Three Middleware |url: https://localhost/Account/Login|action: Login
2021-11-04 14:49:14.9311||WARN|WebMVC.Middleware.OneMiddleware|One Middleware |url: https://localhost/Home/Index|action: Index
2021-11-04 14:49:14.9311||WARN|WebMVC.Middleware.TwoMiddleware|Two Middleware |url: https://localhost/Home/Index|action: Index
2021-11-04 14:49:14.9408||WARN|WebMVC.Middleware.ThreeMiddleware|Three Middleware |url: https://localhost/Home/Index|action: Index
2021-11-04 14:49:14.9408||INFO|WebMVC.Filter.MyFilter|do2222 something..... |url: https://localhost/Home/Index|action: Index
2021-11-04 14:49:14.9706||ERROR|WebMVC.Controllers.HomeController|Index 11111 |url: https://localhost/Home/Index|action: Index
2021-11-04 14:49:14.9706||INFO|WebMVC.Controllers.HomeController|Index 22222 |url: https://localhost/Home/Index|action: Index
2021-11-04 14:49:14.9706||WARN|WebMVC.Controllers.HomeController|Index 55555 |url: https://localhost/Home/Index|action: Index
2021-11-04 14:49:14.9849||INFO|WebMVC.Controllers.HomeController|https%3a%2f%2fwww.cnblogs.com%2fdongh%2fp%2f15470938.html |url: https://localhost/Home/Index|action: Index
2021-11-04 14:49:14.9849||INFO|WebMVC.Controllers.HomeController|https://www.cnblogs.com/dongh/p/15470938.html |url: https://localhost/Home/Index|action: Index
2021-11-04 14:49:15.0070||ERROR|WebMVC.Controllers.HomeController|测试内容22222222222222 |url: https://localhost/Home/Index|action: Index
2021-11-04 14:49:17.4456||WARN|WebMVC.Middleware.OneMiddleware|One Middleware |url: https://localhost/Lang/Index|action: Index
2021-11-04 14:49:17.4456||WARN|WebMVC.Middleware.TwoMiddleware|Two Middleware |url: https://localhost/Lang/Index|action: Index
2021-11-04 14:49:17.4520||WARN|WebMVC.Middleware.ThreeMiddleware|Three Middleware |url: https://localhost/Lang/Index|action: Index
2021-11-04 14:49:31.5768||WARN|WebMVC.Middleware.OneMiddleware|One Middleware |url: https://localhost/Lang/Index|action: Index
2021-11-04 14:49:31.6346||WARN|WebMVC.Middleware.TwoMiddleware|Two Middleware |url: https://localhost/Lang/Index|action: Index
2021-11-04 14:49:31.6397||WARN|WebMVC.Middleware.ThreeMiddleware|Three Middleware |url: https://localhost/Lang/Index|action: Index
2021-11-04 14:49:31.9215||WARN|WebMVC.Middleware.OneMiddleware|One Middleware |url: https://localhost/Lang/Index|action: Index
2021-11-04 14:49:31.9215||WARN|WebMVC.Middleware.TwoMiddleware|Two Middleware |url: https://localhost/Lang/Index|action: Index
2021-11-04 14:49:31.9215||WARN|WebMVC.Middleware.ThreeMiddleware|Three Middleware |url: https://localhost/Lang/Index|action: Index
2021-11-04 14:49:32.1514||WARN|WebMVC.Middleware.OneMiddleware|One Middleware |url: https://localhost/Lang/Index|action: Index
2021-11-04 14:49:32.1558||WARN|WebMVC.Middleware.TwoMiddleware|Two Middleware |url: https://localhost/Lang/Index|action: Index
2021-11-04 14:49:32.1558||WARN|WebMVC.Middleware.ThreeMiddleware|Three Middleware |url: https://localhost/Lang/Index|action: Index
2021-11-04 14:49:32.3358||WARN|WebMVC.Middleware.OneMiddleware|One Middleware |url: https://localhost/Lang/Index|action: Index
2021-11-04 14:49:32.3358||WARN|WebMVC.Middleware.TwoMiddleware|Two Middleware |url: https://localhost/Lang/Index|action: Index
2021-11-04 14:49:32.3424||WARN|WebMVC.Middleware.ThreeMiddleware|Three Middleware |url: https://localhost/Lang/Index|action: Index
2021-11-04 14:49:32.5021||WARN|WebMVC.Middleware.OneMiddleware|One Middleware |url: https://localhost/Lang/Index|action: Index
2021-11-04 14:49:32.5021||WARN|WebMVC.Middleware.TwoMiddleware|Two Middleware |url: https://localhost/Lang/Index|action: Index
2021-11-04 14:49:32.5021||WARN|WebMVC.Middleware.ThreeMiddleware|Three Middleware |url: https://localhost/Lang/Index|action: Index
2021-11-04 14:49:32.6833||WARN|WebMVC.Middleware.OneMiddleware|One Middleware |url: https://localhost/Lang/Index|action: Index
2021-11-04 14:49:32.6866||WARN|WebMVC.Middleware.TwoMiddleware|Two Middleware |url: https://localhost/Lang/Index|action: Index
2021-11-04 14:49:32.6866||WARN|WebMVC.Middleware.ThreeMiddleware|Three Middleware |url: https://localhost/Lang/Index|action: Index
2021-11-04 14:50:05.9017||WARN|WebMVC.Middleware.OneMiddleware|One Middleware |url: https://localhost/Lang/Index|action: Index
2021-11-04 14:50:05.9054||WARN|WebMVC.Middleware.TwoMiddleware|Two Middleware |url: https://localhost/Lang/Index|action: Index
2021-11-04 14:50:05.9054||WARN|WebMVC.Middleware.ThreeMiddleware|Three Middleware |url: https://localhost/Lang/Index|action: Index
2021-11-04 14:50:06.5004||WARN|WebMVC.Middleware.OneMiddleware|One Middleware |url: https://localhost/Lang/Index|action: Index
2021-11-04 14:50:06.5004||WARN|WebMVC.Middleware.TwoMiddleware|Two Middleware |url: https://localhost/Lang/Index|action: Index
2021-11-04 14:50:06.5004||WARN|WebMVC.Middleware.ThreeMiddleware|Three Middleware |url: https://localhost/Lang/Index|action: Index
2021-11-04 14:50:06.7117||WARN|WebMVC.Middleware.OneMiddleware|One Middleware |url: https://localhost/Lang/Index|action: Index
2021-11-04 14:50:06.7117||WARN|WebMVC.Middleware.TwoMiddleware|Two Middleware |url: https://localhost/Lang/Index|action: Index
2021-11-04 14:50:06.7192||WARN|WebMVC.Middleware.ThreeMiddleware|Three Middleware |url: https://localhost/Lang/Index|action: Index
2021-11-04 14:50:06.8814||WARN|WebMVC.Middleware.OneMiddleware|One Middleware |url: https://localhost/Lang/Index|action: Index
2021-11-04 14:50:06.8814||WARN|WebMVC.Middleware.TwoMiddleware|Two Middleware |url: https://localhost/Lang/Index|action: Index
2021-11-04 14:50:06.8814||WARN|WebMVC.Middleware.ThreeMiddleware|Three Middleware |url: https://localhost/Lang/Index|action: Index
2021-11-04 14:50:07.0584||WARN|WebMVC.Middleware.OneMiddleware|One Middleware |url: https://localhost/Lang/Index|action: Index
2021-11-04 14:50:07.0625||WARN|WebMVC.Middleware.TwoMiddleware|Two Middleware |url: https://localhost/Lang/Index|action: Index
2021-11-04 14:50:07.0625||WARN|WebMVC.Middleware.ThreeMiddleware|Three Middleware |url: https://localhost/Lang/Index|action: Index
2021-11-04 14:50:07.2436||WARN|WebMVC.Middleware.OneMiddleware|One Middleware |url: https://localhost/Lang/Index|action: Index
2021-11-04 14:50:07.2436||WARN|WebMVC.Middleware.TwoMiddleware|Two Middleware |url: https://localhost/Lang/Index|action: Index
2021-11-04 14:50:07.2494||WARN|WebMVC.Middleware.ThreeMiddleware|Three Middleware |url: https://localhost/Lang/Index|action: Index
2021-11-04 14:50:10.8305||WARN|WebMVC.Middleware.OneMiddleware|One Middleware |url: https://localhost/Lang/Index|action: Index
2021-11-04 14:50:10.8305||WARN|WebMVC.Middleware.TwoMiddleware|Two Middleware |url: https://localhost/Lang/Index|action: Index
2021-11-04 14:50:10.8305||WARN|WebMVC.Middleware.ThreeMiddleware|Three Middleware |url: https://localhost/Lang/Index|action: Index
2021-11-04 14:50:10.9354||WARN|WebMVC.Middleware.OneMiddleware|One Middleware |url: https://localhost/Lang/Index|action: Index
2021-11-04 14:50:10.9402||WARN|WebMVC.Middleware.TwoMiddleware|Two Middleware |url: https://localhost/Lang/Index|action: Index
2021-11-04 14:50:10.9402||WARN|WebMVC.Middleware.ThreeMiddleware|Three Middleware |url: https://localhost/Lang/Index|action: Index
2021-11-04 14:50:11.4811||WARN|WebMVC.Middleware.OneMiddleware|One Middleware |url: https://localhost/Lang/Index|action: Index
2021-11-04 14:50:11.4835||WARN|WebMVC.Middleware.TwoMiddleware|Two Middleware |url: https://localhost/Lang/Index|action: Index
2021-11-04 14:50:11.4835||WARN|WebMVC.Middleware.ThreeMiddleware|Three Middleware |url: https://localhost/Lang/Index|action: Index
2021-11-04 14:50:11.8183||WARN|WebMVC.Middleware.OneMiddleware|One Middleware |url: https://localhost/Lang/Index|action: Index
2021-11-04 14:50:11.8183||WARN|WebMVC.Middleware.TwoMiddleware|Two Middleware |url: https://localhost/Lang/Index|action: Index
2021-11-04 14:50:11.8183||WARN|WebMVC.Middleware.ThreeMiddleware|Three Middleware |url: https://localhost/Lang/Index|action: Index
2021-11-04 14:50:12.2240||WARN|WebMVC.Middleware.OneMiddleware|One Middleware |url: https://localhost/Lang/Index|action: Index
2021-11-04 14:50:12.2240||WARN|WebMVC.Middleware.TwoMiddleware|Two Middleware |url: https://localhost/Lang/Index|action: Index
2021-11-04 14:50:12.2240||WARN|WebMVC.Middleware.ThreeMiddleware|Three Middleware |url: https://localhost/Lang/Index|action: Index
2021-11-04 14:50:12.7062||WARN|WebMVC.Middleware.OneMiddleware|One Middleware |url: https://localhost/Lang/Index|action: Index
2021-11-04 14:50:12.7062||WARN|WebMVC.Middleware.TwoMiddleware|Two Middleware |url: https://localhost/Lang/Index|action: Index
2021-11-04 14:50:12.7062||WARN|WebMVC.Middleware.ThreeMiddleware|Three Middleware |url: https://localhost/Lang/Index|action: Index
2021-11-04 14:50:13.8212||WARN|WebMVC.Middleware.OneMiddleware|One Middleware |url: https://localhost/Lang/Index|action: Index
2021-11-04 14:50:13.8212||WARN|WebMVC.Middleware.TwoMiddleware|Two Middleware |url: https://localhost/Lang/Index|action: Index
2021-11-04 14:50:13.8289||WARN|WebMVC.Middleware.ThreeMiddleware|Three Middleware |url: https://localhost/Lang/Index|action: Index
2021-11-04 14:50:15.1125||WARN|WebMVC.Middleware.OneMiddleware|One Middleware |url: https://localhost/Lang/Index|action: Index
2021-11-04 14:50:15.1125||WARN|WebMVC.Middleware.TwoMiddleware|Two Middleware |url: https://localhost/Lang/Index|action: Index
2021-11-04 14:50:15.1125||WARN|WebMVC.Middleware.ThreeMiddleware|Three Middleware |url: https://localhost/Lang/Index|action: Index
2021-11-04 14:50:15.5859||WARN|WebMVC.Middleware.OneMiddleware|One Middleware |url: https://localhost/Lang/Index|action: Index
2021-11-04 14:50:15.5859||WARN|WebMVC.Middleware.TwoMiddleware|Two Middleware |url: https://localhost/Lang/Index|action: Index
2021-11-04 14:50:15.5931||WARN|WebMVC.Middleware.ThreeMiddleware|Three Middleware |url: https://localhost/Lang/Index|action: Index
2021-11-04 14:50:16.1712||WARN|WebMVC.Middleware.OneMiddleware|One Middleware |url: https://localhost/Lang/Index|action: Index
2021-11-04 14:50:16.1712||WARN|WebMVC.Middleware.TwoMiddleware|Two Middleware |url: https://localhost/Lang/Index|action: Index
2021-11-04 14:50:16.1712||WARN|WebMVC.Middleware.ThreeMiddleware|Three Middleware |url: https://localhost/Lang/Index|action: Index
2021-11-04 14:50:16.5895||WARN|WebMVC.Middleware.OneMiddleware|One Middleware |url: https://localhost/Lang/Index|action: Index
2021-11-04 14:50:16.5926||WARN|WebMVC.Middleware.TwoMiddleware|Two Middleware |url: https://localhost/Lang/Index|action: Index
2021-11-04 14:50:16.5926||WARN|WebMVC.Middleware.ThreeMiddleware|Three Middleware |url: https://localhost/Lang/Index|action: Index
2021-11-04 14:50:17.7597||WARN|WebMVC.Middleware.OneMiddleware|One Middleware |url: https://localhost/Lang/Index|action: Index
2021-11-04 14:50:17.7597||WARN|WebMVC.Middleware.TwoMiddleware|Two Middleware |url: https://localhost/Lang/Index|action: Index
2021-11-04 14:50:17.7660||WARN|WebMVC.Middleware.ThreeMiddleware|Three Middleware |url: https://localhost/Lang/Index|action: Index
2021-11-04 14:50:18.1442||WARN|WebMVC.Middleware.OneMiddleware|One Middleware |url: https://localhost/Lang/Index|action: Index
2021-11-04 14:50:18.1442||WARN|WebMVC.Middleware.TwoMiddleware|Two Middleware |url: https://localhost/Lang/Index|action: Index
2021-11-04 14:50:18.1442||WARN|WebMVC.Middleware.ThreeMiddleware|Three Middleware |url: https://localhost/Lang/Index|action: Index
2021-11-04 14:50:18.6286||WARN|WebMVC.Middleware.OneMiddleware|One Middleware |url: https://localhost/Lang/Index|action: Index
2021-11-04 14:50:18.6286||WARN|WebMVC.Middleware.TwoMiddleware|Two Middleware |url: https://localhost/Lang/Index|action: Index
2021-11-04 14:50:18.6286||WARN|WebMVC.Middleware.ThreeMiddleware|Three Middleware |url: https://localhost/Lang/Index|action: Index
2021-11-04 14:50:19.0683||WARN|WebMVC.Middleware.OneMiddleware|One Middleware |url: https://localhost/Lang/Index|action: Index
2021-11-04 14:50:19.0683||WARN|WebMVC.Middleware.TwoMiddleware|Two Middleware |url: https://localhost/Lang/Index|action: Index
2021-11-04 14:50:19.0683||WARN|WebMVC.Middleware.ThreeMiddleware|Three Middleware |url: https://localhost/Lang/Index|action: Index
2021-11-04 14:50:19.4350||WARN|WebMVC.Middleware.OneMiddleware|One Middleware |url: https://localhost/Lang/Index|action: Index
2021-11-04 14:50:19.4412||WARN|WebMVC.Middleware.TwoMiddleware|Two Middleware |url: https://localhost/Lang/Index|action: Index
2021-11-04 14:50:19.4412||WARN|WebMVC.Middleware.ThreeMiddleware|Three Middleware |url: https://localhost/Lang/Index|action: Index
2021-11-04 14:50:19.8275||WARN|WebMVC.Middleware.OneMiddleware|One Middleware |url: https://localhost/Lang/Index|action: Index
2021-11-04 14:50:19.8275||WARN|WebMVC.Middleware.TwoMiddleware|Two Middleware |url: https://localhost/Lang/Index|action: Index
2021-11-04 14:50:19.8275||WARN|WebMVC.Middleware.ThreeMiddleware|Three Middleware |url: https://localhost/Lang/Index|action: Index
2021-11-04 14:50:20.1778||WARN|WebMVC.Middleware.OneMiddleware|One Middleware |url: https://localhost/Lang/Index|action: Index
2021-11-04 14:50:20.1778||WARN|WebMVC.Middleware.TwoMiddleware|Two Middleware |url: https://localhost/Lang/Index|action: Index
2021-11-04 14:50:20.1778||WARN|WebMVC.Middleware.ThreeMiddleware|Three Middleware |url: https://localhost/Lang/Index|action: Index
2021-11-04 14:50:20.5549||WARN|WebMVC.Middleware.OneMiddleware|One Middleware |url: https://localhost/Lang/Index|action: Index
2021-11-04 14:50:20.5549||WARN|WebMVC.Middleware.TwoMiddleware|Two Middleware |url: https://localhost/Lang/Index|action: Index
2021-11-04 14:50:20.5622||WARN|WebMVC.Middleware.ThreeMiddleware|Three Middleware |url: https://localhost/Lang/Index|action: Index
2021-11-04 14:50:21.3219||WARN|WebMVC.Middleware.OneMiddleware|One Middleware |url: https://localhost/Lang/Index|action: Index
2021-11-04 14:50:21.3285||WARN|WebMVC.Middleware.TwoMiddleware|Two Middleware |url: https://localhost/Lang/Index|action: Index
2021-11-04 14:50:21.3285||WARN|WebMVC.Middleware.ThreeMiddleware|Three Middleware |url: https://localhost/Lang/Index|action: Index
2021-11-04 14:50:22.9101||WARN|WebMVC.Middleware.OneMiddleware|One Middleware |url: https://localhost/Lang/Index|action: Index
2021-11-04 14:50:22.9101||WARN|WebMVC.Middleware.TwoMiddleware|Two Middleware |url: https://localhost/Lang/Index|action: Index
2021-11-04 14:50:22.9101||WARN|WebMVC.Middleware.ThreeMiddleware|Three Middleware |url: https://localhost/Lang/Index|action: Index
2021-11-04 14:50:23.6180||WARN|WebMVC.Middleware.OneMiddleware|One Middleware |url: https://localhost/Lang/Index|action: Index
2021-11-04 14:50:23.6180||WARN|WebMVC.Middleware.TwoMiddleware|Two Middleware |url: https://localhost/Lang/Index|action: Index
2021-11-04 14:50:23.6180||WARN|WebMVC.Middleware.ThreeMiddleware|Three Middleware |url: https://localhost/Lang/Index|action: Index
2021-11-04 14:50:24.5035||WARN|WebMVC.Middleware.OneMiddleware|One Middleware |url: https://localhost/Lang/Index|action: Index
2021-11-04 14:50:24.5035||WARN|WebMVC.Middleware.TwoMiddleware|Two Middleware |url: https://localhost/Lang/Index|action: Index
2021-11-04 14:50:24.5035||WARN|WebMVC.Middleware.ThreeMiddleware|Three Middleware |url: https://localhost/Lang/Index|action: Index
2021-11-04 14:50:25.1292||WARN|WebMVC.Middleware.OneMiddleware|One Middleware |url: https://localhost/Lang/Index|action: Index
2021-11-04 14:50:25.1292||WARN|WebMVC.Middleware.TwoMiddleware|Two Middleware |url: https://localhost/Lang/Index|action: Index
2021-11-04 14:50:25.1292||WARN|WebMVC.Middleware.ThreeMiddleware|Three Middleware |url: https://localhost/Lang/Index|action: Index
2021-11-04 14:50:25.5886||WARN|WebMVC.Middleware.OneMiddleware|One Middleware |url: https://localhost/Lang/Index|action: Index
2021-11-04 14:50:25.5886||WARN|WebMVC.Middleware.TwoMiddleware|Two Middleware |url: https://localhost/Lang/Index|action: Index
2021-11-04 14:50:25.5966||WARN|WebMVC.Middleware.ThreeMiddleware|Three Middleware |url: https://localhost/Lang/Index|action: Index
2021-11-04 14:50:26.1482||WARN|WebMVC.Middleware.OneMiddleware|One Middleware |url: https://localhost/Lang/Index|action: Index
2021-11-04 14:50:26.1482||WARN|WebMVC.Middleware.TwoMiddleware|Two Middleware |url: https://localhost/Lang/Index|action: Index
2021-11-04 14:50:26.1482||WARN|WebMVC.Middleware.ThreeMiddleware|Three Middleware |url: https://localhost/Lang/Index|action: Index
2021-11-04 14:50:26.7149||WARN|WebMVC.Middleware.OneMiddleware|One Middleware |url: https://localhost/Lang/Index|action: Index
2021-11-04 14:50:26.7175||WARN|WebMVC.Middleware.TwoMiddleware|Two Middleware |url: https://localhost/Lang/Index|action: Index
2021-11-04 14:50:26.7175||WARN|WebMVC.Middleware.ThreeMiddleware|Three Middleware |url: https://localhost/Lang/Index|action: Index
2021-11-04 14:50:27.3215||WARN|WebMVC.Middleware.OneMiddleware|One Middleware |url: https://localhost/Lang/Index|action: Index
2021-11-04 14:50:27.3215||WARN|WebMVC.Middleware.TwoMiddleware|Two Middleware |url: https://localhost/Lang/Index|action: Index
2021-11-04 14:50:27.3215||WARN|WebMVC.Middleware.ThreeMiddleware|Three Middleware |url: https://localhost/Lang/Index|action: Index
2021-11-04 14:50:27.8107||WARN|WebMVC.Middleware.OneMiddleware|One Middleware |url: https://localhost/Lang/Index|action: Index
2021-11-04 14:50:27.8180||WARN|WebMVC.Middleware.TwoMiddleware|Two Middleware |url: https://localhost/Lang/Index|action: Index
2021-11-04 14:50:27.8180||WARN|WebMVC.Middleware.ThreeMiddleware|Three Middleware |url: https://localhost/Lang/Index|action: Index
