2021-09-07 09:11:34.0300||ERROR||异常了
   at WebMVC.Controllers.HomeController.Privacy() in C:\GutReposite\Console\WebMVC\Controllers\HomeController.cs:line 62
   at lambda_method81(Closure , Object , Object[] )
   at Microsoft.AspNetCore.Mvc.Infrastructure.ActionMethodExecutor.SyncActionResultExecutor.Execute(IActionResultTypeMapper mapper, ObjectMethodExecutor executor, Object controller, Object[] arguments) in Microsoft.AspNetCore.Mvc.Core.dll:token 0x6000fb9+0x0
   at Microsoft.AspNetCore.Mvc.Infrastructure.ControllerActionInvoker.InvokeActionMethodAsync() in Microsoft.AspNetCore.Mvc.Core.dll:token 0x60009af+0x0
   at Microsoft.AspNetCore.Mvc.Infrastructure.ControllerActionInvoker.Next(State& next, Scope& scope, Object& state, Boolean& isCompleted) in Microsoft.AspNetCore.Mvc.Core.dll:token 0x60009ac+0x33a
   at Microsoft.AspNetCore.Mvc.Infrastructure.ControllerActionInvoker.InvokeNextActionFilterAsync() in Microsoft.AspNetCore.Mvc.Core.dll:token 0x60009ad+0xa
--- End of stack trace from previous location ---
   at Microsoft.AspNetCore.Mvc.Infrastructure.ControllerActionInvoker.Rethrow(ActionExecutedContextSealed context) in Microsoft.AspNetCore.Mvc.Core.dll:token 0x60009b1+0x15
   at Microsoft.AspNetCore.Mvc.Infrastructure.ControllerActionInvoker.Next(State& next, Scope& scope, Object& state, Boolean& isCompleted) in Microsoft.AspNetCore.Mvc.Core.dll:token 0x60009ac+0x39a
   at Microsoft.AspNetCore.Mvc.Infrastructure.ControllerActionInvoker.InvokeInnerFilterAsync() in Microsoft.AspNetCore.Mvc.Core.dll:token 0x60009b0+0xa
--- End of stack trace from previous location ---
   at Microsoft.AspNetCore.Mvc.Infrastructure.ResourceInvoker.<InvokeNextExceptionFilterAsync>g__Awaited|26_0(ResourceInvoker invoker, Task lastTask, State next, Scope scope, Object state, Boolean isCompleted) in Microsoft.AspNetCore.Mvc.Core.dll:token 0x6000a91+0x6a
 |url: |action: 
2021-09-07 10:25:58.5983||ERROR||Please set the ExcelPackage.LicenseContext property. See https://epplussoftware.com/developers/licenseexception
   at OfficeOpenXml.ExcelPackage.get_Workbook() in EPPlus.dll:token 0x60001ad+0x1f
   at WebMVC.Controllers.ExcelOptController.GererateWelfareLeaveReport(List`1 list) in C:\GutReposite\Console\WebMVC\Controllers\ExcelOptController.cs:line 195
   at WebMVC.Controllers.ExcelOptController.ExportExeclReport2() in C:\GutReposite\Console\WebMVC\Controllers\ExcelOptController.cs:line 165
   at lambda_method81(Closure , Object , Object[] )
   at Microsoft.AspNetCore.Mvc.Infrastructure.ActionMethodExecutor.SyncActionResultExecutor.Execute(IActionResultTypeMapper mapper, ObjectMethodExecutor executor, Object controller, Object[] arguments) in Microsoft.AspNetCore.Mvc.Core.dll:token 0x6000fb9+0x0
   at Microsoft.AspNetCore.Mvc.Infrastructure.ControllerActionInvoker.InvokeActionMethodAsync() in Microsoft.AspNetCore.Mvc.Core.dll:token 0x60009af+0x0
   at Microsoft.AspNetCore.Mvc.Infrastructure.ControllerActionInvoker.Next(State& next, Scope& scope, Object& state, Boolean& isCompleted) in Microsoft.AspNetCore.Mvc.Core.dll:token 0x60009ac+0x33a
   at Microsoft.AspNetCore.Mvc.Infrastructure.ControllerActionInvoker.InvokeNextActionFilterAsync() in Microsoft.AspNetCore.Mvc.Core.dll:token 0x60009ad+0xa
--- End of stack trace from previous location ---
   at Microsoft.AspNetCore.Mvc.Infrastructure.ControllerActionInvoker.Rethrow(ActionExecutedContextSealed context) in Microsoft.AspNetCore.Mvc.Core.dll:token 0x60009b1+0x15
   at Microsoft.AspNetCore.Mvc.Infrastructure.ControllerActionInvoker.Next(State& next, Scope& scope, Object& state, Boolean& isCompleted) in Microsoft.AspNetCore.Mvc.Core.dll:token 0x60009ac+0x39a
   at Microsoft.AspNetCore.Mvc.Infrastructure.ControllerActionInvoker.InvokeInnerFilterAsync() in Microsoft.AspNetCore.Mvc.Core.dll:token 0x60009b0+0xa
--- End of stack trace from previous location ---
   at Microsoft.AspNetCore.Mvc.Infrastructure.ResourceInvoker.<InvokeNextExceptionFilterAsync>g__Awaited|26_0(ResourceInvoker invoker, Task lastTask, State next, Scope scope, Object state, Boolean isCompleted) in Microsoft.AspNetCore.Mvc.Core.dll:token 0x6000a91+0x6a
 |url: |action: 
2021-09-07 10:26:02.8896||ERROR||异常了
   at WebMVC.Controllers.HomeController.Privacy() in C:\GutReposite\Console\WebMVC\Controllers\HomeController.cs:line 62
   at lambda_method92(Closure , Object , Object[] )
   at Microsoft.AspNetCore.Mvc.Infrastructure.ActionMethodExecutor.SyncActionResultExecutor.Execute(IActionResultTypeMapper mapper, ObjectMethodExecutor executor, Object controller, Object[] arguments) in Microsoft.AspNetCore.Mvc.Core.dll:token 0x6000fb9+0x0
   at Microsoft.AspNetCore.Mvc.Infrastructure.ControllerActionInvoker.InvokeActionMethodAsync() in Microsoft.AspNetCore.Mvc.Core.dll:token 0x60009af+0x0
   at Microsoft.AspNetCore.Mvc.Infrastructure.ControllerActionInvoker.Next(State& next, Scope& scope, Object& state, Boolean& isCompleted) in Microsoft.AspNetCore.Mvc.Core.dll:token 0x60009ac+0x33a
   at Microsoft.AspNetCore.Mvc.Infrastructure.ControllerActionInvoker.InvokeNextActionFilterAsync() in Microsoft.AspNetCore.Mvc.Core.dll:token 0x60009ad+0xa
--- End of stack trace from previous location ---
   at Microsoft.AspNetCore.Mvc.Infrastructure.ControllerActionInvoker.Rethrow(ActionExecutedContextSealed context) in Microsoft.AspNetCore.Mvc.Core.dll:token 0x60009b1+0x15
   at Microsoft.AspNetCore.Mvc.Infrastructure.ControllerActionInvoker.Next(State& next, Scope& scope, Object& state, Boolean& isCompleted) in Microsoft.AspNetCore.Mvc.Core.dll:token 0x60009ac+0x39a
   at Microsoft.AspNetCore.Mvc.Infrastructure.ControllerActionInvoker.InvokeInnerFilterAsync() in Microsoft.AspNetCore.Mvc.Core.dll:token 0x60009b0+0xa
--- End of stack trace from previous location ---
   at Microsoft.AspNetCore.Mvc.Infrastructure.ResourceInvoker.<InvokeNextExceptionFilterAsync>g__Awaited|26_0(ResourceInvoker invoker, Task lastTask, State next, Scope scope, Object state, Boolean isCompleted) in Microsoft.AspNetCore.Mvc.Core.dll:token 0x6000a91+0x6a
 |url: |action: 
2021-09-07 13:48:08.7714||ERROR||异常了
   at WebMVC.Controllers.HomeController.Privacy() in C:\GutReposite\Console\WebMVC\Controllers\HomeController.cs:line 62
   at lambda_method75(Closure , Object , Object[] )
   at Microsoft.AspNetCore.Mvc.Infrastructure.ActionMethodExecutor.SyncActionResultExecutor.Execute(IActionResultTypeMapper mapper, ObjectMethodExecutor executor, Object controller, Object[] arguments) in Microsoft.AspNetCore.Mvc.Core.dll:token 0x6000fb9+0x0
   at Microsoft.AspNetCore.Mvc.Infrastructure.ControllerActionInvoker.InvokeActionMethodAsync() in Microsoft.AspNetCore.Mvc.Core.dll:token 0x60009af+0x0
   at Microsoft.AspNetCore.Mvc.Infrastructure.ControllerActionInvoker.Next(State& next, Scope& scope, Object& state, Boolean& isCompleted) in Microsoft.AspNetCore.Mvc.Core.dll:token 0x60009ac+0x3c1
   at Microsoft.AspNetCore.Mvc.Infrastructure.ControllerActionInvoker.InvokeNextActionFilterAsync() in Microsoft.AspNetCore.Mvc.Core.dll:token 0x60009ad+0x6c
--- End of stack trace from previous location ---
   at Microsoft.AspNetCore.Mvc.Infrastructure.ControllerActionInvoker.Rethrow(ActionExecutedContextSealed context) in Microsoft.AspNetCore.Mvc.Core.dll:token 0x60009b1+0x15
   at Microsoft.AspNetCore.Mvc.Infrastructure.ControllerActionInvoker.Next(State& next, Scope& scope, Object& state, Boolean& isCompleted) in Microsoft.AspNetCore.Mvc.Core.dll:token 0x60009ac+0x3c1
   at Microsoft.AspNetCore.Mvc.Infrastructure.ControllerActionInvoker.InvokeInnerFilterAsync() in Microsoft.AspNetCore.Mvc.Core.dll:token 0x60009b0+0xa
--- End of stack trace from previous location ---
   at Microsoft.AspNetCore.Mvc.Infrastructure.ResourceInvoker.<InvokeNextExceptionFilterAsync>g__Awaited|26_0(ResourceInvoker invoker, Task lastTask, State next, Scope scope, Object state, Boolean isCompleted) in Microsoft.AspNetCore.Mvc.Core.dll:token 0x6000a91+0x6a
 |url: |action: 
2021-09-07 13:48:11.4199||ERROR||异常了
   at WebMVC.Controllers.HomeController.Privacy() in C:\GutReposite\Console\WebMVC\Controllers\HomeController.cs:line 62
   at lambda_method75(Closure , Object , Object[] )
   at Microsoft.AspNetCore.Mvc.Infrastructure.ActionMethodExecutor.SyncActionResultExecutor.Execute(IActionResultTypeMapper mapper, ObjectMethodExecutor executor, Object controller, Object[] arguments) in Microsoft.AspNetCore.Mvc.Core.dll:token 0x6000fb9+0x0
   at Microsoft.AspNetCore.Mvc.Infrastructure.ControllerActionInvoker.InvokeActionMethodAsync() in Microsoft.AspNetCore.Mvc.Core.dll:token 0x60009af+0x0
   at Microsoft.AspNetCore.Mvc.Infrastructure.ControllerActionInvoker.Next(State& next, Scope& scope, Object& state, Boolean& isCompleted) in Microsoft.AspNetCore.Mvc.Core.dll:token 0x60009ac+0x3c1
   at Microsoft.AspNetCore.Mvc.Infrastructure.ControllerActionInvoker.InvokeNextActionFilterAsync() in Microsoft.AspNetCore.Mvc.Core.dll:token 0x60009ad+0x6c
--- End of stack trace from previous location ---
   at Microsoft.AspNetCore.Mvc.Infrastructure.ControllerActionInvoker.Rethrow(ActionExecutedContextSealed context) in Microsoft.AspNetCore.Mvc.Core.dll:token 0x60009b1+0x15
   at Microsoft.AspNetCore.Mvc.Infrastructure.ControllerActionInvoker.Next(State& next, Scope& scope, Object& state, Boolean& isCompleted) in Microsoft.AspNetCore.Mvc.Core.dll:token 0x60009ac+0x3c1
   at Microsoft.AspNetCore.Mvc.Infrastructure.ControllerActionInvoker.InvokeInnerFilterAsync() in Microsoft.AspNetCore.Mvc.Core.dll:token 0x60009b0+0xa
--- End of stack trace from previous location ---
   at Microsoft.AspNetCore.Mvc.Infrastructure.ResourceInvoker.<InvokeNextExceptionFilterAsync>g__Awaited|26_0(ResourceInvoker invoker, Task lastTask, State next, Scope scope, Object state, Boolean isCompleted) in Microsoft.AspNetCore.Mvc.Core.dll:token 0x6000a91+0x6a
 |url: |action: 
