2021-08-20 14:15:39,241 [1] INFO  Log4NetDemo.Startup [(null)] - test
2021-08-20 14:16:10,158 [.NET ThreadPool Worker] INFO  Log4NetDemo.Controllers.WeatherForecastController [(null)] - index view
2021-08-20 14:16:10,641 [.NET ThreadPool Worker] ERROR Log4NetDemo.Controllers.WeatherForecastController [(null)] - Controller Error
2021-08-24 14:38:20,563 [1] INFO  Log4NetDemo.Startup [(null)] - test
2021-08-24 16:39:57,964 [1] INFO  Log4NetDemo.Startup [(null)] - test
2021-08-24 16:41:32,363 [1] INFO  Log4NetDemo.Startup [(null)] - test
2021-10-27 15:41:51,275 [1] INFO  Log4NetDemo.Startup [(null)] - test2021/10/27 15:41:51
2021-10-27 17:09:39,945 [1] INFO  Log4NetDemo.Startup [(null)] - test2021/10/27 17:09:39
2021-10-27 17:10:33,865 [.NET ThreadPool Worker] INFO  Log4NetDemo.Controllers.WeatherForecastController [(null)] - index view
2021-10-27 17:10:33,865 [.NET ThreadPool Worker] ERROR Log4NetDemo.Controllers.WeatherForecastController [(null)] - Controller Error
2021-10-27 17:11:37,617 [1] INFO  Log4NetDemo.Startup [(null)] - test2021/10/27 17:11:37
2021-10-27 17:11:41,934 [.NET ThreadPool Worker] INFO  Log4NetDemo.Controllers.WeatherForecastController [(null)] - index view
2021-10-27 17:11:41,935 [.NET ThreadPool Worker] ERROR Log4NetDemo.Controllers.WeatherForecastController [(null)] - Controller Error
2021-10-27 17:16:13,524 [1] INFO  Log4NetDemo.Startup [(null)] - test2021/10/27 17:16:13
2021-10-27 17:16:18,197 [.NET ThreadPool Worker] INFO  Log4NetDemo.Controllers.WeatherForecastController [(null)] - 啊啊啊啊啊啊index view
2021-10-27 17:16:18,198 [.NET ThreadPool Worker] ERROR Log4NetDemo.Controllers.WeatherForecastController [(null)] - 啊啊啊啊啊啊Controller Error
2021-10-27 17:18:12,355 [1] INFO  Log4NetDemo.Startup [(null)] - test2021/10/27 17:18:12
2021-10-27 17:18:16,196 [.NET ThreadPool Worker] INFO  WeatherForecastController [(null)] - 啊啊啊啊啊啊index view
2021-10-27 17:18:16,197 [.NET ThreadPool Worker] ERROR WeatherForecastController [(null)] - 啊啊啊啊啊啊Controller Error
2021-10-27 17:23:55,471 [1] INFO  Log4NetDemo.Startup [(null)] - test2021/10/27 17:23:55
