WebApi:Ip 安全验证中间件
WebApi:这个例子只是修改一下response的header
WebApi:Authorize 身份验证中间件
Response.StatusCode=401
WebApi:Ip 安全验证中间件
WebApi:这个例子只是修改一下response的header
WebApi:Authorize 身份验证中间件
Response.StatusCode=401
WebApi:Ip 安全验证中间件
WebApi:这个例子只是修改一下response的header
WebApi:Authorize 身份验证中间件
Response.StatusCode=401
WebApi:Ip 安全验证中间件
WebApi:这个例子只是修改一下response的header
WebApi:Authorize 身份验证中间件
Response.StatusCode=401
WebApi:Ip 安全验证中间件
WebApi:这个例子只是修改一下response的header
WebApi:Authorize 身份验证中间件
Response.StatusCode=401
WebApi:Ip 安全验证中间件
WebApi:这个例子只是修改一下response的header
WebApi:Authorize 身份验证中间件
Response.StatusCode=401
WebApi:Ip 安全验证中间件
WebApi:这个例子只是修改一下response的header
访问者 Ip:127.0.0.1
接口/swagger耗时8ms
Response.StatusCode=404
